2026-05-08 17:44:32 [INFO] ==================================================
2026-05-08 17:44:32 [INFO] DriverDoktor ELINDITVA
2026-05-08 17:44:32 [INFO] Futtatasi konyvtar: C:\Users\user\Desktop\asdasd\DriverDoktor
2026-05-08 17:44:32 [INFO] ==================================================
2026-05-08 17:44:32 [INFO] [INIT] WebView2 Runtime OK: v147.0.3912.98
2026-05-08 17:44:32 [INFO] [INIT] DriverToolApi inicializálás...
2026-05-08 17:44:32 [INFO] [INIT] sys_drive=C:\
2026-05-08 17:44:32 [INFO] [INIT] DriverToolApi kész.
2026-05-08 17:44:32 [INFO] [MAIN] webview.start() hívása...
2026-05-08 17:44:33 [INFO] [WINDOW] WebView ablak beállítása...
2026-05-08 17:44:34 [INFO] [API] get_init_data() hívás - build=94, target=None
2026-05-08 17:44:34 [INFO] [WINDOW] WebView2 DOM kész (1 próba után, 0.1s)
2026-05-08 17:44:34 [INFO] [API] load_drivers(all_drivers=False)
2026-05-08 17:44:34 [DEBUG] [EMIT:drivers_loading] data=None
2026-05-08 17:44:34 [INFO] [DRIVERS] Third-party driverek lekérdezés
2026-05-08 17:44:34 [DEBUG] [DRIVERS] dism /English /Online /Get-Drivers futtatása...
2026-05-08 17:44:34 [DEBUG] [CMD] Futtatás: dism /English /Online /Get-Drivers
2026-05-08 17:44:34 [INFO] [WATCHDOG] WebView2 sikeresen elindult
2026-05-08 17:44:58 [DEBUG] [CMD] OK (23.8s)
2026-05-08 17:44:58 [DEBUG] [CMD] stdout: Deployment Image Servicing and Management tool
Version: 10.0.19041.3636

Image Version: 10.0.19045.6466

Obtaining list of 3rd party drivers from the driver store...

Driver packages listing:

Published Name : oem0.inf
Original File Name : hdxhpbpc.inf
Inbox : No
Class Name : MEDIA
Provider Name : Realtek Semiconductor Corp.
Date : 2017. 12. 26.
Version : 6.0.1.8335

Published Name : oem1.inf
Original File Name : heci.inf
Inbox : No
Class Name : System
Provider Name : Intel
Date : 2015. 07. 07.
Version : 11.0.0.1157

Published Name : oem10.inf
Original File Name : hpreststub.inf
Inbox : No
Class Name : USB
Provider Name : Hewlett-Packard
Date : 2022. 01. 11.
Version : 51.4.4860.2211

Published Name : oem100.inf
Original File Name : hw_quusbnet.inf
Inbox : No
Class Name : Net
Provider Name : HUAWEI Incorporated
Date : 2014. 06. 27.
Version : 1.3.0.0

Published Name : oem101.inf
Original File Name : cdc-acm.inf
Inbox : No
Class Name : Ports
Provider Name : MediaTek Inc.
Date : 2014. 11. 06.
Version : 2.0.1136.0

Published Name : oem102.inf
Original File Name : motodrv.inf
Inbox : No
Class Name : MOTUSB
Provider Name : Motorola Inc
Date : 2011. 11. 08.
Version : 3.2.12.0

Published Name : oem103.inf
Original File Name : motousbnet.inf
Inbox : No
Class Name : Net
Provider Name : Motorola
Date : 2013. 03. 01.
Version : 2.7.0.0

Published Name : oem104.inf
Original File Name : ew_usbccgpfilter.inf
Inbox : No
Class Name : USB
Provider Name : Huawei
Date : 2016. 05. 18.
Version : 1.0.9.0

Published Name : oem105.inf
Original File Name : hw_cdcacm.inf
Inbox : No
Class Name : Ports
Provider Name : HUAWEI Technologies CO.,LTD
Date : 2016. 05. 18.
Version : 1.0.26.0

Published Name : oem106.inf
Original File Name : hw_cdcmdm.inf
Inbox : No
Class Name : Modem
Provider Name : HUAWEI Technologies Co.,LTD
Date : 2016. 11. 28.
Version : 1.0.26.0

Published Name : oem107.inf
Original File Name : mtp.inf
Inbox : No
Class Name : WPD
Provider Name : Microsoft
Date : 2015. 07. 29.
Version : 1.3.0.0

Published Name : oem108.inf
Original File Name : p2414h.inf
Inbox : No
Class Name : Monitor
Provider Name : Dell Inc.
Date : 2015. 09. 02.
Version : 1.0.0.0

Published Name : oem109.inf
Original File Name : dlidusb.inf
Inbox : No
Class Name : Display
Provider Name : DisplayLink
Date : 2020. 04. 16.
Version : 9.3.3324.0

Published Name : oem11.inf
Original File Name : usbaapl64.inf
Inbox : No
Class Name : USB
Provider Name : Apple, Inc.
Date : 2017. 05. 19.
Version : 6.0.9999.69

Published Name : oem110.inf
Original File Name : appleusb.inf
Inbox : No
Class Name : USBDevice
Provider Name : Apple, Inc.
Date : 2023. 06. 14.
Version : 538.0.0.0

Published Name : oem111.inf
Original File Name : artery virtual com port.inf
Inbox : No
Class Name : Ports
Provider Name : libwdi
Date : 2023. 05. 18.
Version : 1.0.0.0

Published Name : oem112.inf
Original File Name : ch341ser.inf
Inbox : No
Class Name : Ports
Provider Name : wch.cn
Date : 2019. 01. 30.
Version : 3.5.2019.1

Published Name : oem113.inf
Original File Name : hpcu270u.inf
Inbox : No
Class Name : Printer
Provider Name : HP
Date : 2023. 05. 30.
Version : 61.270.1.25570

Published Name : oem114.inf
Original File Name : hppfaxnd.inf
Inbox : No
Class Name : USB
Provider Name : Hewlett-Packard
Date : 2013. 01. 04.
Version : 1.0.0.6

Published Name : oem115.inf
Original File Name : hppscnd.inf
Inbox : No
Class Name : SYSTEM
Provider Name : Hewlett-Packard
Date : 2013. 03. 06.
Version : 1.0.0.7

Published Name : oem116.inf
Original File Name : hppewnd.inf
Inbox : No
Class Name : USB
Provider Name : Hewlett-Packard
Date : 2013. 01. 04.
Version : 1.0.0.6

Published Name : oem117.inf
Original File Name : ssudrnds.inf
Inbox : No
Class Name : Net
Provider Name : SAMSUNG Electronics Co., Ltd. 
Date : 2022. 09. 26.
Version : 2.19.1.0

Published Name : oem118.inf
Original File Name : tvvirtualmonitordriver.inf
Inbox : No
Class Name : Display
Provider Name : TeamViewer Germany GmbH
Date : 2023. 04. 27.
Version : 16.1.... [TRUNCATED]
2026-05-08 17:44:58 [INFO] [DRIVERS] Betöltve: 245 driver (23.8s)
2026-05-08 17:44:58 [DEBUG] [EMIT:drivers_loaded] data={"drivers": [{"published": "oem0.inf", "original": "hdxhpbpc.inf", "class": "MEDIA", "provider": "Realtek Semiconductor Corp."}, {"published": "oem1.inf", "original": "heci.inf", "class": "System", "p
