2026-05-01 01:50:36 [INFO] ==================================================
2026-05-01 01:50:36 [INFO] DriverDoktor ELINDITVA
2026-05-01 01:50:36 [INFO] Futtatasi konyvtar: C:\Users\ego\Desktop\driverdoktor\Driver_pucolo_szerviztool\dist
2026-05-01 01:50:36 [INFO] ==================================================
2026-05-01 01:50:36 [INFO] [INIT] WebView2 Runtime OK: v147.0.3912.86
2026-05-01 01:50:36 [INFO] [INIT] DriverToolApi inicializálás...
2026-05-01 01:50:36 [INFO] [INIT] sys_drive=C:\
2026-05-01 01:50:36 [INFO] [INIT] DriverToolApi kész.
2026-05-01 01:50:36 [INFO] [MAIN] webview.start() hívása...
2026-05-01 01:50:37 [INFO] [WINDOW] WebView ablak beállítása...
2026-05-01 01:50:37 [INFO] [API] get_init_data() hívás - build=79, target=None
2026-05-01 01:50:37 [INFO] [WINDOW] WebView2 DOM kész (1 próba után, 0.1s)
2026-05-01 01:50:37 [INFO] [WATCHDOG] WebView2 sikeresen elindult
2026-05-01 01:50:37 [INFO] [API] load_drivers(all_drivers=False)
2026-05-01 01:50:37 [DEBUG] [EMIT:drivers_loading] data=None
2026-05-01 01:50:37 [INFO] [DRIVERS] Third-party driverek lekérdezés
2026-05-01 01:50:37 [DEBUG] [DRIVERS] dism /English /Online /Get-Drivers futtatása...
2026-05-01 01:50:37 [DEBUG] [CMD] Futtatás: dism /English /Online /Get-Drivers
2026-05-01 01:50:39 [DEBUG] [CMD] OK (1.5s)
2026-05-01 01:50:39 [DEBUG] [CMD] stdout: Deployment Image Servicing and Management tool
Version: 10.0.22621.1

Image Version: 10.0.22621.2134

Obtaining list of 3rd party drivers from the driver store...

Driver packages listing:

Published Name : oem0.inf
Original File Name : smbusamd.inf
Inbox : No
Class Name : System
Provider Name : Advanced Micro Devices, Inc
Date : 8/30/2017
Version : 5.12.0.38

Published Name : oem1.inf
Original File Name : amdgpio3.inf
Inbox : No
Class Name : System
Provider Name : Advanced Micro Devices, Inc.
Date : 8/29/2017
Version : 2.0.1.0

Published Name : oem10.inf
Original File Name : appleusb.inf
Inbox : No
Class Name : USBDevice
Provider Name : Apple, Inc.
Date : 6/14/2023
Version : 538.0.0.0

Published Name : oem11.inf
Original File Name : nv_dispig.inf
Inbox : No
Class Name : Display
Provider Name : NVIDIA
Date : 8/14/2024
Version : 32.0.15.6094

Published Name : oem12.inf
Original File Name : nvhda.inf
Inbox : No
Class Name : MEDIA
Provider Name : NVIDIA Corporation
Date : 8/14/2024
Version : 1.4.0.1

Published Name : oem13.inf
Original File Name : nvpcf.inf
Inbox : No
Class Name : SoftwareDevice
Provider Name : NVIDIA
Date : 8/14/2024
Version : 32.0.15.6046

Published Name : oem14.inf
Original File Name : nvppc.inf
Inbox : No
Class Name : USB
Provider Name : NVIDIA
Date : 8/14/2024
Version : 1.52.831.832

Published Name : oem15.inf
Original File Name : ssudbus.inf
Inbox : No
Class Name : USB
Provider Name : SAMSUNG Electronics Co., Ltd. 
Date : 9/23/2024
Version : 2.21.0.0

Published Name : oem16.inf
Original File Name : nv_dispig.inf
Inbox : No
Class Name : Display
Provider Name : NVIDIA
Date : 1/20/2026
Version : 32.0.15.9186

Published Name : oem17.inf
Original File Name : nvhda.inf
Inbox : No
Class Name : MEDIA
Provider Name : NVIDIA Corporation
Date : 1/20/2026
Version : 1.4.5.7

Published Name : oem18.inf
Original File Name : nvpcf.inf
Inbox : No
Class Name : SoftwareDevice
Provider Name : NVIDIA
Date : 1/20/2026
Version : 32.0.15.9071

Published Name : oem19.inf
Original File Name : nvppc.inf
Inbox : No
Class Name : USB
Provider Name : NVIDIA
Date : 1/20/2026
Version : 1.52.831.832

Published Name : oem2.inf
Original File Name : amdgpio3.inf
Inbox : No
Class Name : System
Provider Name : Advanced Micro Devices, Inc.
Date : 3/14/2016
Version : 2.0.1.0

Published Name : oem3.inf
Original File Name : smbusamd.inf
Inbox : No
Class Name : System
Provider Name : Advanced Micro Devices, Inc
Date : 1/18/2015
Version : 5.12.0.31

Published Name : oem4.inf
Original File Name : amdgpio2.inf
Inbox : No
Class Name : System
Provider Name : Advanced Micro Devices, Inc
Date : 9/29/2019
Version : 2.2.0.121

Published Name : oem5.inf
Original File Name : ksusbaud.inf
Inbox : No
Class Name : MEDIA
Provider Name : Creative Technology Ltd.
Date : 1/6/2021
Version : 1.16.4.26

Published Name : oem6.inf
Original File Name : amdpcidev.inf
Inbox : No
Class Name : System
Provider Name : Advanced Micro Devices
Date : 5/18/2021
Version : 1.0.0.83

Published Name : oem7.inf
Original File Name : amdpsp.inf
Inbox : No
Class Name : SecurityDevices
Provider Name : Advanced Micro Devices Inc.
Date : 6/11/2021
Version : 5.17.0.0

Published Name : oem8.inf
Original File Name : rtkfilter.inf
Inbox : No
Class Name : Bluetooth
Provider Name : Realtek Semiconductor Corp.
Date : 9/29/2021
Version : 1.9.1038.3001

Published Name : oem9.inf
Original File Name : rz0071dev.inf
Inbox : No
Class Name : HIDClass
Provider Name : Razer Inc
Date : 1/2/2017
Version : 6.2.9200.16547

The operation completed successfully.
2026-05-01 01:50:39 [INFO] [DRIVERS] Betöltve: 20 driver (1.5s)
2026-05-01 01:50:39 [DEBUG] [EMIT:drivers_loaded] data={"drivers": [{"published": "oem0.inf", "original": "smbusamd.inf", "class": "System", "provider": "Advanced Micro Devices, Inc"}, {"published": "oem1.inf", "original": "amdgpio3.inf", "class": "System
2026-05-01 01:50:50 [INFO] [API] check_wu_status()
2026-05-01 01:50:50 [DEBUG] [WU_STATUS] ExcludeWUDriversInQualityUpdate = 1
2026-05-01 01:50:50 [DEBUG] [WU_STATUS] SearchOrderConfig = 0
2026-05-01 01:50:50 [INFO] [WU_STATUS] Eredmény: Teljesen LETILTVA
2026-05-01 01:50:53 [INFO] [API] check_wu_status()
2026-05-01 01:50:53 [DEBUG] [WU_STATUS] ExcludeWUDriversInQualityUpdate = 1
2026-05-01 01:50:53 [DEBUG] [WU_STATUS] SearchOrderConfig = 0
2026-05-01 01:50:53 [INFO] [WU_STATUS] Eredmény: Teljesen LETILTVA
2026-05-01 01:50:59 [INFO] [API] check_wu_status()
2026-05-01 01:50:59 [DEBUG] [WU_STATUS] ExcludeWUDriversInQualityUpdate = 1
2026-05-01 01:50:59 [DEBUG] [WU_STATUS] SearchOrderConfig = 0
2026-05-01 01:50:59 [INFO] [WU_STATUS] Eredmény: Teljesen LETILTVA
2026-05-01 01:52:51 [INFO] ==================================================
2026-05-01 01:52:51 [INFO] DriverDoktor ELINDITVA
2026-05-01 01:52:51 [INFO] Futtatasi konyvtar: C:\Users\ego\Desktop\driverdoktor\Driver_pucolo_szerviztool\dist
2026-05-01 01:52:51 [INFO] ==================================================
2026-05-01 01:52:51 [INFO] [INIT] WebView2 Runtime OK: v147.0.3912.86
2026-05-01 01:52:51 [INFO] [INIT] DriverToolApi inicializálás...
2026-05-01 01:52:51 [INFO] [INIT] sys_drive=C:\
2026-05-01 01:52:51 [INFO] [INIT] DriverToolApi kész.
2026-05-01 01:52:51 [INFO] [MAIN] webview.start() hívása...
2026-05-01 01:52:51 [INFO] [WINDOW] WebView ablak beállítása...
2026-05-01 01:52:52 [INFO] [API] get_init_data() hívás - build=80, target=None
2026-05-01 01:52:52 [INFO] [WINDOW] WebView2 DOM kész (1 próba után, 0.1s)
2026-05-01 01:52:52 [INFO] [API] load_drivers(all_drivers=False)
2026-05-01 01:52:52 [DEBUG] [EMIT:drivers_loading] data=None
2026-05-01 01:52:52 [INFO] [DRIVERS] Third-party driverek lekérdezés
2026-05-01 01:52:52 [DEBUG] [DRIVERS] dism /English /Online /Get-Drivers futtatása...
2026-05-01 01:52:52 [DEBUG] [CMD] Futtatás: dism /English /Online /Get-Drivers
2026-05-01 01:52:52 [INFO] [WATCHDOG] WebView2 sikeresen elindult
2026-05-01 01:52:54 [DEBUG] [CMD] OK (1.4s)
2026-05-01 01:52:54 [DEBUG] [CMD] stdout: Deployment Image Servicing and Management tool
Version: 10.0.22621.1

Image Version: 10.0.22621.2134

Obtaining list of 3rd party drivers from the driver store...

Driver packages listing:

Published Name : oem0.inf
Original File Name : smbusamd.inf
Inbox : No
Class Name : System
Provider Name : Advanced Micro Devices, Inc
Date : 8/30/2017
Version : 5.12.0.38

Published Name : oem1.inf
Original File Name : amdgpio3.inf
Inbox : No
Class Name : System
Provider Name : Advanced Micro Devices, Inc.
Date : 8/29/2017
Version : 2.0.1.0

Published Name : oem10.inf
Original File Name : appleusb.inf
Inbox : No
Class Name : USBDevice
Provider Name : Apple, Inc.
Date : 6/14/2023
Version : 538.0.0.0

Published Name : oem11.inf
Original File Name : nv_dispig.inf
Inbox : No
Class Name : Display
Provider Name : NVIDIA
Date : 8/14/2024
Version : 32.0.15.6094

Published Name : oem12.inf
Original File Name : nvhda.inf
Inbox : No
Class Name : MEDIA
Provider Name : NVIDIA Corporation
Date : 8/14/2024
Version : 1.4.0.1

Published Name : oem13.inf
Original File Name : nvpcf.inf
Inbox : No
Class Name : SoftwareDevice
Provider Name : NVIDIA
Date : 8/14/2024
Version : 32.0.15.6046

Published Name : oem14.inf
Original File Name : nvppc.inf
Inbox : No
Class Name : USB
Provider Name : NVIDIA
Date : 8/14/2024
Version : 1.52.831.832

Published Name : oem15.inf
Original File Name : ssudbus.inf
Inbox : No
Class Name : USB
Provider Name : SAMSUNG Electronics Co., Ltd. 
Date : 9/23/2024
Version : 2.21.0.0

Published Name : oem16.inf
Original File Name : nv_dispig.inf
Inbox : No
Class Name : Display
Provider Name : NVIDIA
Date : 1/20/2026
Version : 32.0.15.9186

Published Name : oem17.inf
Original File Name : nvhda.inf
Inbox : No
Class Name : MEDIA
Provider Name : NVIDIA Corporation
Date : 1/20/2026
Version : 1.4.5.7

Published Name : oem18.inf
Original File Name : nvpcf.inf
Inbox : No
Class Name : SoftwareDevice
Provider Name : NVIDIA
Date : 1/20/2026
Version : 32.0.15.9071

Published Name : oem19.inf
Original File Name : nvppc.inf
Inbox : No
Class Name : USB
Provider Name : NVIDIA
Date : 1/20/2026
Version : 1.52.831.832

Published Name : oem2.inf
Original File Name : amdgpio3.inf
Inbox : No
Class Name : System
Provider Name : Advanced Micro Devices, Inc.
Date : 3/14/2016
Version : 2.0.1.0

Published Name : oem3.inf
Original File Name : smbusamd.inf
Inbox : No
Class Name : System
Provider Name : Advanced Micro Devices, Inc
Date : 1/18/2015
Version : 5.12.0.31

Published Name : oem4.inf
Original File Name : amdgpio2.inf
Inbox : No
Class Name : System
Provider Name : Advanced Micro Devices, Inc
Date : 9/29/2019
Version : 2.2.0.121

Published Name : oem5.inf
Original File Name : ksusbaud.inf
Inbox : No
Class Name : MEDIA
Provider Name : Creative Technology Ltd.
Date : 1/6/2021
Version : 1.16.4.26

Published Name : oem6.inf
Original File Name : amdpcidev.inf
Inbox : No
Class Name : System
Provider Name : Advanced Micro Devices
Date : 5/18/2021
Version : 1.0.0.83

Published Name : oem7.inf
Original File Name : amdpsp.inf
Inbox : No
Class Name : SecurityDevices
Provider Name : Advanced Micro Devices Inc.
Date : 6/11/2021
Version : 5.17.0.0

Published Name : oem8.inf
Original File Name : rtkfilter.inf
Inbox : No
Class Name : Bluetooth
Provider Name : Realtek Semiconductor Corp.
Date : 9/29/2021
Version : 1.9.1038.3001

Published Name : oem9.inf
Original File Name : rz0071dev.inf
Inbox : No
Class Name : HIDClass
Provider Name : Razer Inc
Date : 1/2/2017
Version : 6.2.9200.16547

The operation completed successfully.
2026-05-01 01:52:54 [INFO] [DRIVERS] Betöltve: 20 driver (1.4s)
2026-05-01 01:52:54 [DEBUG] [EMIT:drivers_loaded] data={"drivers": [{"published": "oem0.inf", "original": "smbusamd.inf", "class": "System", "provider": "Advanced Micro Devices, Inc"}, {"published": "oem1.inf", "original": "amdgpio3.inf", "class": "System
2026-05-01 01:52:58 [INFO] [API] check_wu_status()
2026-05-01 01:52:58 [DEBUG] [WU_STATUS] ExcludeWUDriversInQualityUpdate = 1
2026-05-01 01:52:58 [DEBUG] [WU_STATUS] SearchOrderConfig = 0
2026-05-01 01:52:58 [INFO] [WU_STATUS] Eredmény: Teljesen LETILTVA
2026-05-01 01:53:00 [INFO] [API] check_wu_status()
2026-05-01 01:53:00 [DEBUG] [WU_STATUS] ExcludeWUDriversInQualityUpdate = 1
2026-05-01 01:53:00 [DEBUG] [WU_STATUS] SearchOrderConfig = 0
2026-05-01 01:53:00 [INFO] [WU_STATUS] Eredmény: Teljesen LETILTVA
2026-05-01 01:53:07 [INFO] [API] create_restore_point()
2026-05-01 01:53:07 [INFO] [THREAD:rp] Háttérszál indul...
2026-05-01 01:53:07 [INFO] [RESTORE_POINT] Worker indult - visszaállítási pont létrehozása...
2026-05-01 01:53:07 [INFO] [RESTORE_POINT] Név: DriverDoktor_Backup_20260501_015307
2026-05-01 01:53:07 [DEBUG] [EMIT:task_start] data={"task": "rp", "title": "Visszaállítási Pont"}
2026-05-01 01:53:07 [INFO] [EMIT:task_progress] Rendszervédelem engedélyezése...
2026-05-01 01:53:07 [INFO] [RESTORE_POINT] Rendszervédelem engedélyezése...
2026-05-01 01:53:07 [DEBUG] [CMD] Futtatás: powershell -NoProfile -ExecutionPolicy Bypass -Command [Console]::OutputEncoding = [System.Text.Encoding]::UTF8; try { Enable-ComputerRestore -Drive "$($env:SystemDrive)\" -ErrorAction Stop; Write-Output "OK" } catch { Write-Output "FAIL: $($_.Exception.Message)" }
2026-05-01 01:53:08 [DEBUG] [CMD] OK (1.0s)
2026-05-01 01:53:08 [DEBUG] [CMD] stdout: OK
2026-05-01 01:53:08 [INFO] [RESTORE_POINT] Rendszervédelem bekapcsolva
2026-05-01 01:53:08 [INFO] [EMIT:task_progress] ✅ Rendszervédelem bekapcsolva
2026-05-01 01:53:08 [INFO] [RESTORE_POINT] 24 órás limit feloldása...
2026-05-01 01:53:08 [DEBUG] [CMD] Futtatás: reg add HKLM\SOFTWARE\Microsoft\Windows NT\CurrentVersion\SystemRestore /v SystemRestorePointCreationFrequency /t REG_DWORD /d 0 /f
2026-05-01 01:53:08 [DEBUG] [CMD] OK (0.0s)
2026-05-01 01:53:08 [DEBUG] [CMD] stdout: The operation completed successfully.
2026-05-01 01:53:08 [INFO] [RESTORE_POINT] Checkpoint-Computer futtatása...
2026-05-01 01:53:08 [INFO] [EMIT:task_progress] Visszaállítási pont: DriverDoktor_Backup_20260501_015307
2026-05-01 01:53:08 [DEBUG] [CMD] Futtatás: powershell -NoProfile -ExecutionPolicy Bypass -Command [Console]::OutputEncoding = [System.Text.Encoding]::UTF8; try { Checkpoint-Computer -Description "DriverDoktor_Backup_20260501_015307" -RestorePointType "MODIFY_SETTINGS" -ErrorAction Stop; Write-Output "OK" } catch { Write-Output "FAIL: $($_.Ex
2026-05-01 01:53:14 [DEBUG] [CMD] OK (6.1s)
2026-05-01 01:53:14 [DEBUG] [CMD] stdout: OK
2026-05-01 01:53:14 [DEBUG] [RESTORE_POINT] Checkpoint result: OK
2026-05-01 01:53:14 [INFO] [RESTORE_POINT] Ellenőrzés...
2026-05-01 01:53:14 [DEBUG] [CMD] Futtatás: powershell -NoProfile -ExecutionPolicy Bypass -Command [Console]::OutputEncoding = [System.Text.Encoding]::UTF8; (Get-ComputerRestorePoint | Where-Object { $_.Description -eq "DriverDoktor_Backup_20260501_015307" }).Description
2026-05-01 01:53:15 [DEBUG] [CMD] OK (0.9s)
2026-05-01 01:53:15 [DEBUG] [CMD] stdout: DriverDoktor_Backup_20260501_015307
2026-05-01 01:53:15 [DEBUG] [RESTORE_POINT] Verified: True
2026-05-01 01:53:15 [INFO] [RESTORE_POINT] Sikeresen létrehozva: DriverDoktor_Backup_20260501_015307
2026-05-01 01:53:15 [INFO] [EMIT:task_complete] ✅ Visszaállítási pont létrehozva: DriverDoktor_Backup_20260501_015307
2026-05-01 01:53:15 [INFO] [THREAD:rp] Befejezve (8.1s)
2026-05-08 13:30:25 [INFO] ==================================================
2026-05-08 13:30:25 [INFO] DriverDoktor ELINDITVA
2026-05-08 13:30:25 [INFO] Futtatasi konyvtar: C:\Users\user\Desktop\asdasd\DriverDoktor\dist
2026-05-08 13:30:25 [INFO] ==================================================
2026-05-08 13:30:25 [INFO] [INIT] WebView2 Runtime OK: v147.0.3912.98
2026-05-08 13:30:25 [INFO] [INIT] DriverToolApi inicializálás...
2026-05-08 13:30:25 [INFO] [INIT] sys_drive=C:\
2026-05-08 13:30:25 [INFO] [INIT] DriverToolApi kész.
2026-05-08 13:30:25 [INFO] [MAIN] webview.start() hívása...
2026-05-08 13:30:25 [INFO] [WINDOW] WebView ablak beállítása...
2026-05-08 13:30:27 [INFO] [API] get_init_data() hívás - build=84, target=None
2026-05-08 13:30:27 [INFO] [WINDOW] WebView2 DOM kész (1 próba után, 0.1s)
2026-05-08 13:30:27 [INFO] [API] load_drivers(all_drivers=False)
2026-05-08 13:30:27 [DEBUG] [EMIT:drivers_loading] data=None
2026-05-08 13:30:27 [INFO] [DRIVERS] Third-party driverek lekérdezés
2026-05-08 13:30:27 [DEBUG] [DRIVERS] dism /English /Online /Get-Drivers futtatása...
2026-05-08 13:30:27 [DEBUG] [CMD] Futtatás: dism /English /Online /Get-Drivers
2026-05-08 13:30:27 [INFO] [WATCHDOG] WebView2 sikeresen elindult
