2026-05-19 22:24:48 [INFO] ==================================================
2026-05-19 22:24:48 [INFO] DriverVarázsló ELINDITVA
2026-05-19 22:24:48 [INFO] Futtatasi konyvtar: C:\Users\ego\Desktop\New folder (3)\DriverDoktor\dist
2026-05-19 22:24:48 [INFO] ==================================================
2026-05-19 22:24:48 [INFO] [INIT] WebView2 Runtime OK: v148.0.3967.70
2026-05-19 22:24:48 [INFO] [INIT] DriverToolApi inicializálás...
2026-05-19 22:24:48 [INFO] [INIT] sys_drive=C:\
2026-05-19 22:24:48 [INFO] [INIT] DriverToolApi kész.
2026-05-19 22:24:48 [INFO] [MAIN] webview.start() hívása...
2026-05-19 22:24:49 [INFO] [WINDOW] WebView ablak beállítása...
2026-05-19 22:24:49 [INFO] [API] get_init_data() hívás - build=103, target=None
2026-05-19 22:24:49 [INFO] [WINDOW] WebView2 DOM kész (1 próba után, 0.1s)
2026-05-19 22:24:49 [INFO] [API] load_drivers(all_drivers=False)
2026-05-19 22:24:49 [DEBUG] [EMIT:drivers_loading] data=None
2026-05-19 22:24:49 [INFO] [DRIVERS] Third-party driverek lekérdezés
2026-05-19 22:24:49 [DEBUG] [DRIVERS] dism /English /Online /Get-Drivers futtatása...
2026-05-19 22:24:49 [DEBUG] [CMD] Futtatás: dism /English /Online /Get-Drivers
2026-05-19 22:24:49 [INFO] [WATCHDOG] WebView2 sikeresen elindult
2026-05-19 22:24:50 [DEBUG] [CMD] OK (1.0s)
2026-05-19 22:24:50 [DEBUG] [CMD] stdout: Deployment Image Servicing and Management tool
Version: 10.0.22621.1

Image Version: 10.0.22621.2134

Obtaining list of 3rd party drivers from the driver store...

Driver packages listing:

Published Name : oem0.inf
Original File Name : smbusamd.inf
Inbox : No
Class Name : System
Provider Name : Advanced Micro Devices, Inc
Date : 8/30/2017
Version : 5.12.0.38

Published Name : oem1.inf
Original File Name : amdgpio3.inf
Inbox : No
Class Name : System
Provider Name : Advanced Micro Devices, Inc.
Date : 8/29/2017
Version : 2.0.1.0

Published Name : oem10.inf
Original File Name : nvppc.inf
Inbox : No
Class Name : USB
Provider Name : NVIDIA
Date : 1/20/2026
Version : 1.52.831.832

Published Name : oem11.inf
Original File Name : amdgpio2.inf
Inbox : No
Class Name : System
Provider Name : Advanced Micro Devices, Inc
Date : 9/29/2019
Version : 2.2.0.121

Published Name : oem12.inf
Original File Name : rtkfilter.inf
Inbox : No
Class Name : Bluetooth
Provider Name : Realtek Semiconductor Corp.
Date : 9/29/2021
Version : 1.9.1038.3001

Published Name : oem2.inf
Original File Name : amdgpio3.inf
Inbox : No
Class Name : System
Provider Name : Advanced Micro Devices, Inc.
Date : 3/14/2016
Version : 2.0.1.0

Published Name : oem3.inf
Original File Name : smbusamd.inf
Inbox : No
Class Name : System
Provider Name : Advanced Micro Devices, Inc
Date : 1/18/2015
Version : 5.12.0.31

Published Name : oem4.inf
Original File Name : ksusbaud.inf
Inbox : No
Class Name : MEDIA
Provider Name : Creative Technology Ltd.
Date : 1/6/2021
Version : 1.16.4.26

Published Name : oem5.inf
Original File Name : amdpcidev.inf
Inbox : No
Class Name : System
Provider Name : Advanced Micro Devices
Date : 5/18/2021
Version : 1.0.0.83

Published Name : oem6.inf
Original File Name : amdpsp.inf
Inbox : No
Class Name : SecurityDevices
Provider Name : Advanced Micro Devices Inc.
Date : 6/11/2021
Version : 5.17.0.0

Published Name : oem7.inf
Original File Name : nv_dispig.inf
Inbox : No
Class Name : Display
Provider Name : NVIDIA
Date : 1/20/2026
Version : 32.0.15.9186

Published Name : oem8.inf
Original File Name : nvhda.inf
Inbox : No
Class Name : MEDIA
Provider Name : NVIDIA Corporation
Date : 1/20/2026
Version : 1.4.5.7

Published Name : oem9.inf
Original File Name : nvpcf.inf
Inbox : No
Class Name : SoftwareDevice
Provider Name : NVIDIA
Date : 1/20/2026
Version : 32.0.15.9071

The operation completed successfully.
2026-05-19 22:24:50 [INFO] [DRIVERS] Betöltve: 13 driver (1.0s)
2026-05-19 22:24:50 [DEBUG] [EMIT:drivers_loaded] data={"drivers": [{"published": "oem0.inf", "original": "smbusamd.inf", "class": "System", "provider": "Advanced Micro Devices, Inc"}, {"published": "oem1.inf", "original": "amdgpio3.inf", "class": "System
2026-05-19 22:25:08 [INFO] [API] check_wu_status()
2026-05-19 22:25:08 [DEBUG] [WU_STATUS] ExcludeWUDriversInQualityUpdate = 1
2026-05-19 22:25:08 [DEBUG] [WU_STATUS] SearchOrderConfig = 0
2026-05-19 22:25:08 [INFO] [WU_STATUS] Eredmény: Teljesen LETILTVA
2026-05-19 22:25:35 [INFO] [API] check_wu_status()
2026-05-19 22:25:35 [DEBUG] [WU_STATUS] ExcludeWUDriversInQualityUpdate = 1
2026-05-19 22:25:35 [DEBUG] [WU_STATUS] SearchOrderConfig = 0
2026-05-19 22:25:35 [INFO] [WU_STATUS] Eredmény: Teljesen LETILTVA
2026-05-19 22:25:37 [INFO] [API] start_hw_scan() hívás
2026-05-19 22:25:37 [INFO] [HW_SCAN] Hardver scan indítása...
2026-05-19 22:25:37 [INFO] [HW_SCAN] Eszközök újra-szkennelése (PnP)...
2026-05-19 22:25:37 [INFO] [EMIT:hw_scan_progress] ⏳ Hardver változások keresése...
2026-05-19 22:25:37 [DEBUG] [CMD] Futtatás: pnputil /scan-devices
2026-05-19 22:25:37 [DEBUG] [CMD] OK (0.1s)
2026-05-19 22:25:37 [DEBUG] [CMD] stdout: Microsoft PnP Utility

Scanning for device hardware changes.
Scan complete.
2026-05-19 22:25:39 [INFO] [HW_SCAN] Rendszer info lekérdezése...
2026-05-19 22:25:39 [INFO] [EMIT:hw_scan_progress] ⏳ Rendszer információk lekérdezése...
2026-05-19 22:25:39 [DEBUG] [CMD] Futtatás: powershell -NoProfile -Command [Console]::OutputEncoding = [System.Text.Encoding]::UTF8; $cs = Get-WmiObject Win32_ComputerSystem | Select-Object Manufacturer, Model, PCSystemType; $bb = Get-WmiObject Win32_BaseBoard | Select-Object Manufacturer, Product; $enc = Get-WmiObject Win32_SystemEnclosure |
2026-05-19 22:25:41 [DEBUG] [CMD] OK (1.2s)
2026-05-19 22:25:41 [DEBUG] [CMD] stdout: {
    "CS":  {
               "Manufacturer":  "To Be Filled By O.E.M.",
               "Model":  "To Be Filled By O.E.M.",
               "PCSystemType":  1
           },
    "ENC":  {
                "ChassisTypes":  [
                                     3
                                 ]
            },
    "BB":  {
               "Manufacturer":  "ASRock",
               "Product":  "B450M Pro4"
           }
}
2026-05-19 22:25:41 [INFO] [EMIT:hw_scan_progress] ⏳ PnP eszközök lekérdezése...
2026-05-19 22:25:41 [DEBUG] [CMD] Futtatás: powershell -NoProfile -Command [Console]::OutputEncoding = [System.Text.Encoding]::UTF8; Get-WmiObject Win32_PnPEntity | Where-Object { $_.Present -eq $true -and $_.ConfigManagerErrorCode -ne 45 } | Select-Object Name, PNPClass, PNPDeviceID | ConvertTo-Json -Compress
2026-05-19 22:25:42 [DEBUG] [CMD] OK (1.2s)
2026-05-19 22:25:42 [DEBUG] [CMD] stdout: [{"Name":"USB Input Device","PNPClass":"HIDClass","PNPDeviceID":"USB\\VID_1AF3\u0026PID_0001\\6\u002625A4B41B\u00260\u00262"},{"Name":"Motherboard resources","PNPClass":"System","PNPDeviceID":"ACPI\\PNP0C02\\0"},{"Name":"PCI Express Upstream Switch Port","PNPClass":"System","PNPDeviceID":"PCI\\VEN_1022\u0026DEV_43C6\u0026SUBSYS_02011B21\u0026REV_01\\4\u00262C18E2E3\u00260\u0026020B"},{"Name":"PCI standard host CPU bridge","PNPClass":"System","PNPDeviceID":"PCI\\VEN_1022\u0026DEV_1444\u0026SUBSYS_00000000\u0026REV_00\\3\u002611583659\u00260\u0026C4"},{"Name":"HID-compliant vendor-defined device","PNPClass":"HIDClass","PNPDeviceID":"HID\\VID_041E\u0026PID_3274\u0026MI_03\u0026COL04\\8\u00262B2801A5\u00260\u00260003"},{"Name":"Programmable interrupt controller","PNPClass":"System","PNPDeviceID":"ACPI\\PNP0000\\4\u0026DC53F1\u00260"},{"Name":"To Be Filled By O.E.M. To Be Filled By O.E.M.","PNPClass":"Computer","PNPDeviceID":"SWD\\COMPUTER\\MFG_TO_BE_FILLED_BY_O.E.M.\u0026FAM_TO_BE_FILLED_BY_O.E.M.\u0026PROD_TO_BE_FILLED_BY_O.E.M.\u0026SKU_TO_BE_FILLED_BY_O.E.M."},{"Name":"AMD USB 3.10 eXtensible Host Controller - 1.10 (Microsoft)","PNPClass":"USB","PNPDeviceID":"PCI\\VEN_1022\u0026DEV_149C\u0026SUBSYS_FFFF1849\u0026REV_00\\4\u00261FDE7688\u00260\u00260341"},{"Name":"USB Composite Device","PNPClass":"USB","PNPDeviceID":"USB\\VID_320F\u0026PID_5000\\6\u002625A4B41B\u00260\u00261"},{"Name":"AMD SMBus","PNPClass":"System","PNPDeviceID":"PCI\\VEN_1022\u0026DEV_790B\u0026SUBSYS_FFFF1849\u0026REV_61\\3\u002611583659\u00260\u0026A0"},{"Name":"Root Print Queue","PNPClass":"PrintQueue","PNPDeviceID":"SWD\\PRINTENUM\\PRINTQUEUES"},{"Name":"AMD GPIO Controller","PNPClass":"System","PNPDeviceID":"ACPI\\AMDIF030\\0"},{"Name":"Volume Manager","PNPClass":"System","PNPDeviceID":"ROOT\\VOLMGR\\0000"},{"Name":"High precision event timer","PNPClass":"System","PNPDeviceID":"ACPI\\PNP0103\\2\u0026DABA3FF\u00260"},{"Name":"USB Composite Device","PNPClass":"USB","PNPDeviceID":"USB\\VID_041E\u0026PID_3274\\WWSB1860431001035N"},{"Name":"PCI Express Downstream Switch Port","PNPClass":"System","PNPDeviceID":"PCI\\VEN_1022\u0026DEV_43C7\u0026SUBSYS_33061B21\u0026REV_01\\5\u002620AB19AA\u00260\u002600020B"},{"Name":"System CMOS/real time clock","PNPClass":"System","PNPDeviceID":"ACPI\\PNP0B00\\4\u0026DC53F1\u00260"},{"Name":"System Firmware","PNPClass":"Firmware","PNPDeviceID":"UEFI\\RES_{00000000-0000-0000-0000-000000000000}\\0"},{"Name":"PCI standard host CPU bridge","PNPClass":"System","PNPDeviceID":"PCI\\VEN_1022\u0026DEV_1441\u0026SUBSYS_00000000\u0026REV_00\\3\u002611583659\u00260\u0026C1"},{"Name":"Microsoft Basic Display Driver","PNPClass":"System","PNPDeviceID":"ROOT\\BASICDISPLAY\\0000"},{"Name":"AMD GPIO Controller","PNPClass":"System","PNPDeviceID":"ACPI\\AMDI0030\\0"},{"Name":"AMD PCI","PNPClass":"System","PNPDeviceID":"PCI\\VEN_1022\u0026DEV_148A\u0026SUBSYS_148A1022\u0026REV_00\\4\u0026D573D7\u00260\u00260039"},{"Name":"Motherboard resources","PNPClass":"System","PNPDeviceID":"ACPI\\PNP0C02\\4\u00261FDE7688\u00260"},{"Name":"PCI Express Root Port","PNPClass":"System","PNPDeviceID":"PCI\\VEN_1022\u0026DEV_1483\u0026SUBSYS_12341022\u0026REV_00\\3\u002611583659\u00260\u002609"},{"Name":"PCI Express Root Port","PNPClass":"System","PNPDeviceID":"PCI\\VEN_1022\u0026DEV_1483\u0026SUBSYS_12341022\u0026REV_00\\3\u002611583659\u00260\u00260B"},{"Name":"PCI Express Root Port","PNPClass":"System","PNPDeviceID":"PCI\\VEN_1022\u0026DEV_1483\u0026SUBSYS_12341022\u0026REV_00\\3\u002611583659\u00260\u002619"},{"Name":"PCI standard host CPU bridge","PNPClass":"System","PNPDeviceID":"PCI\\VEN_1022\u0026DEV_1480\u0026SUBSYS_14801022\u0026REV_00\\3\u002611583659\u00260\u002600"},{"Name":"PCI Express Downstream Switch Port","PNPClass":"System","PNPDeviceID":"PCI\\VEN_1022\u0026DEV_43C7\u0026SUBSYS_33061B21\u0026REV_01\\5\u002620AB19AA\u00260\u002608020B"},{"Name":"Bluetooth","PNPClass":"SoftwareDevice","PNPDeviceID":"SWD\\RADIO\\BLUETOOTH_BCFCE726245A"},{"Name":"PCI ... [TRUNCATED]
2026-05-19 22:25:42 [INFO] [EMIT:hw_scan_progress] 📋 PnP eszközök szűrése...
2026-05-19 22:25:42 [DEBUG] [HWID] USB\VID_1AF3&PID_0001\6&25A4B41B&0&2 -> USB\VID_1AF3&PID_0001
2026-05-19 22:25:42 [DEBUG] [HWID] ACPI\PNP0C02\0 -> ACPI\PNP0C02
2026-05-19 22:25:42 [DEBUG] [HWID] PCI\VEN_1022&DEV_43C6&SUBSYS_02011B21&REV_01\4&2C18E2E3&0&020B -> VEN_1022&DEV_43C6
2026-05-19 22:25:42 [DEBUG] [HWID] PCI\VEN_1022&DEV_1444&SUBSYS_00000000&REV_00\3&11583659&0&C4 -> VEN_1022&DEV_1444
2026-05-19 22:25:42 [DEBUG] [HWID] HID\VID_041E&PID_3274&MI_03&COL04\8&2B2801A5&0&0003 -> HID\VID_041E&PID_3274
2026-05-19 22:25:42 [DEBUG] [HWID] ACPI\PNP0000\4&DC53F1&0 -> ACPI\PNP0000
2026-05-19 22:25:42 [DEBUG] [HWID] PCI\VEN_1022&DEV_149C&SUBSYS_FFFF1849&REV_00\4&1FDE7688&0&0341 -> VEN_1022&DEV_149C
2026-05-19 22:25:42 [DEBUG] [HWID] USB\VID_320F&PID_5000\6&25A4B41B&0&1 -> USB\VID_320F&PID_5000
2026-05-19 22:25:42 [DEBUG] [HWID] PCI\VEN_1022&DEV_790B&SUBSYS_FFFF1849&REV_61\3&11583659&0&A0 -> VEN_1022&DEV_790B
2026-05-19 22:25:42 [DEBUG] [HWID] ACPI\AMDIF030\0 -> ACPI\AMDIF030
2026-05-19 22:25:42 [DEBUG] [HWID] ACPI\PNP0103\2&DABA3FF&0 -> ACPI\PNP0103
2026-05-19 22:25:42 [DEBUG] [HWID] USB\VID_041E&PID_3274\WWSB1860431001035N -> USB\VID_041E&PID_3274
2026-05-19 22:25:42 [DEBUG] [HWID] PCI\VEN_1022&DEV_43C7&SUBSYS_33061B21&REV_01\5&20AB19AA&0&00020B -> VEN_1022&DEV_43C7
2026-05-19 22:25:42 [DEBUG] [HWID] ACPI\PNP0B00\4&DC53F1&0 -> ACPI\PNP0B00
2026-05-19 22:25:42 [DEBUG] [HWID] UEFI\RES_{00000000-0000-0000-0000-000000000000}\0 -> None (no match)
2026-05-19 22:25:42 [DEBUG] [HWID] PCI\VEN_1022&DEV_1441&SUBSYS_00000000&REV_00\3&11583659&0&C1 -> VEN_1022&DEV_1441
2026-05-19 22:25:42 [DEBUG] [HWID] ACPI\AMDI0030\0 -> ACPI\AMDI0030
2026-05-19 22:25:42 [DEBUG] [HWID] PCI\VEN_1022&DEV_148A&SUBSYS_148A1022&REV_00\4&D573D7&0&0039 -> VEN_1022&DEV_148A
2026-05-19 22:25:42 [DEBUG] [HWID] ACPI\PNP0C02\4&1FDE7688&0 -> ACPI\PNP0C02
2026-05-19 22:25:42 [DEBUG] [HWID] PCI\VEN_1022&DEV_1483&SUBSYS_12341022&REV_00\3&11583659&0&09 -> VEN_1022&DEV_1483
2026-05-19 22:25:42 [DEBUG] [HWID] PCI\VEN_1022&DEV_1483&SUBSYS_12341022&REV_00\3&11583659&0&0B -> VEN_1022&DEV_1483
2026-05-19 22:25:42 [DEBUG] [HWID] PCI\VEN_1022&DEV_1483&SUBSYS_12341022&REV_00\3&11583659&0&19 -> VEN_1022&DEV_1483
2026-05-19 22:25:42 [DEBUG] [HWID] PCI\VEN_1022&DEV_1480&SUBSYS_14801022&REV_00\3&11583659&0&00 -> VEN_1022&DEV_1480
2026-05-19 22:25:42 [DEBUG] [HWID] PCI\VEN_1022&DEV_43C7&SUBSYS_33061B21&REV_01\5&20AB19AA&0&08020B -> VEN_1022&DEV_43C7
2026-05-19 22:25:42 [DEBUG] [HWID] PCI\VEN_1022&DEV_1484&SUBSYS_14841022&REV_00\3&11583659&0&39 -> VEN_1022&DEV_1484
2026-05-19 22:25:42 [DEBUG] [HWID] PCI\VEN_1022&DEV_1484&SUBSYS_14841022&REV_00\3&11583659&0&41 -> VEN_1022&DEV_1484
2026-05-19 22:25:42 [DEBUG] [HWID] PCI\VEN_1022&DEV_43D5&SUBSYS_11421B21&REV_01\4&2C18E2E3&0&000B -> VEN_1022&DEV_43D5
2026-05-19 22:25:42 [DEBUG] [HWID] PCI\VEN_1022&DEV_43C7&SUBSYS_33061B21&REV_01\5&20AB19AA&0&20020B -> VEN_1022&DEV_43C7
2026-05-19 22:25:42 [DEBUG] [HWID] PCI\VEN_1022&DEV_1446&SUBSYS_00000000&REV_00\3&11583659&0&C6 -> VEN_1022&DEV_1446
2026-05-19 22:25:42 [DEBUG] [HWID] ACPI\PNP0501\0 -> ACPI\PNP0501
2026-05-19 22:25:42 [DEBUG] [HWID] HID\VID_320F&PID_5000&MI_01&COL01\8&196799EA&0&0000 -> HID\VID_320F&PID_5000
2026-05-19 22:25:42 [DEBUG] [HWID] HDAUDIO\FUNC_01&VEN_10EC&DEV_0892&SUBSYS_18496893&REV_1003\5&337FEF56&0&0001 -> HDAUDIO\FUNC_01&VEN_10EC&DEV_0892
2026-05-19 22:25:42 [DEBUG] [HWID] USB\ROOT_HUB30\5&4087D53&0&0 -> None (no match)
2026-05-19 22:25:42 [DEBUG] [HWID] PCI\VEN_1022&DEV_1443&SUBSYS_00000000&REV_00\3&11583659&0&C3 -> VEN_1022&DEV_1443
2026-05-19 22:25:42 [DEBUG] [HWID] HID\VID_1AF3&PID_0001\7&70E5B2F&0&0000 -> HID\VID_1AF3&PID_0001
2026-05-19 22:25:42 [DEBUG] [HWID] PCI\VEN_1022&DEV_1482&SUBSYS_00000000&REV_00\3&11583659&0&08 -> VEN_1022&DEV_1482
2026-05-19 22:25:42 [DEBUG] [HWID] PCI\VEN_1022&DEV_1482&SUBSYS_00000000&REV_00\3&11583659&0&10 -> VEN_1022&DEV_1482
2026-05-19 22:25:42 [DEBUG] [HWID] PCI\VEN_1022&DEV_1482&SUBSYS_00000000&REV_00\3&11583659&0&18 -> VEN_1022&DEV_1482
2026-05-19 22:25:42 [DEBUG] [HWID] PCI\VEN_1022&DEV_1482&SUBSYS_00000000&REV_00\3&11583659&0&20 -> VEN_1022&DEV_1482
2026-05-19 22:25:42 [DEBUG] [HWID] PCI\VEN_1022&DEV_1482&SUBSYS_00000000&REV_00\3&11583659&0&28 -> VEN_1022&DEV_1482
2026-05-19 22:25:42 [DEBUG] [HWID] PCI\VEN_1022&DEV_1482&SUBSYS_00000000&REV_00\3&11583659&0&38 -> VEN_1022&DEV_1482
2026-05-19 22:25:42 [DEBUG] [HWID] PCI\VEN_1022&DEV_1482&SUBSYS_00000000&REV_00\3&11583659&0&40 -> VEN_1022&DEV_1482
2026-05-19 22:25:42 [DEBUG] [HWID] HID\VID_041E&PID_3274&MI_03&COL01\8&2B2801A5&0&0000 -> HID\VID_041E&PID_3274
2026-05-19 22:25:42 [DEBUG] [HWID] ACPI\PNP0C01\C8 -> ACPI\PNP0C01
2026-05-19 22:25:42 [DEBUG] [HWID] PCI\VEN_10EC&DEV_8168&SUBSYS_81681849&REV_15\CF64CEC28570000000 -> VEN_10EC&DEV_8168
2026-05-19 22:25:42 [DEBUG] [HWID] PCI\VEN_1022&DEV_43C8&SUBSYS_10621B21&REV_01\4&2C18E2E3&0&010B -> VEN_1022&DEV_43C8
2026-05-19 22:25:42 [DEBUG] [HWID] HID\VID_320F&PID_5000&MI_00\8&1A40DA5&0&0000 -> HID\VID_320F&PID_5000
2026-05-19 22:25:42 [DEBUG] [HWID] ACPI\PNP0100\4&DC53F1&0 -> ACPI\PNP0100
2026-05-19 22:25:42 [DEBUG] [HWID] ACPI\PNP0C14\AOD -> ACPI\PNP0C14
2026-05-19 22:25:42 [DEBUG] [HWID] ACPI\PNP0A08\0 -> ACPI\PNP0A08
2026-05-19 22:25:42 [DEBUG] [HWID] PCI\VEN_1022&DEV_1440&SUBSYS_00000000&REV_00\3&11583659&0&C0 -> VEN_1022&DEV_1440
2026-05-19 22:25:42 [DEBUG] [HWID] USB\VID_320F&PID_5000&MI_00\7&305F3B7D&0&0000 -> USB\VID_320F&PID_5000
2026-05-19 22:25:42 [DEBUG] [HWID] HID\VID_320F&PID_5000&MI_01&COL02\8&196799EA&0&0001 -> HID\VID_320F&PID_5000
2026-05-19 22:25:42 [DEBUG] [HWID] ACPI_HAL\PNP0C08\0 -> None (no match)
2026-05-19 22:25:42 [DEBUG] [HWID] HTREE\ROOT\0 -> None (no match)
2026-05-19 22:25:42 [DEBUG] [HWID] PCI\VEN_10DE&DEV_228E&SUBSYS_881D1043&REV_A1\4&1FC990D7&0&0119 -> VEN_10DE&DEV_228E
2026-05-19 22:25:42 [DEBUG] [HWID] ACPI_HAL\UEFI\0 -> None (no match)
2026-05-19 22:25:42 [DEBUG] [HWID] PCI\VEN_1022&DEV_1485&SUBSYS_14851022&REV_00\4&1FDE7688&0&0041 -> VEN_1022&DEV_1485
2026-05-19 22:25:42 [DEBUG] [HWID] PCI\VEN_1022&DEV_1487&SUBSYS_68931849&REV_00\4&1FDE7688&0&0441 -> VEN_1022&DEV_1487
2026-05-19 22:25:42 [DEBUG] [HWID] ACPI\MSFT0101\1 -> ACPI\MSFT0101
2026-05-19 22:25:42 [DEBUG] [HWID] ACPI\PNP0800\4&DC53F1&0 -> ACPI\PNP0800
2026-05-19 22:25:42 [DEBUG] [HWID] ACPI\FIXEDBUTTON\2&DABA3FF&0 -> ACPI\FIXEDBUTTON
2026-05-19 22:25:42 [DEBUG] [HWID] HID\VID_041E&PID_3274&MI_03&COL02\8&2B2801A5&0&0001 -> HID\VID_041E&PID_3274
2026-05-19 22:25:42 [DEBUG] [HWID] PCI\VEN_1022&DEV_1445&SUBSYS_00000000&REV_00\3&11583659&0&C5 -> VEN_1022&DEV_1445
2026-05-19 22:25:42 [DEBUG] [HWID] ACPI\PNP0C02\15 -> ACPI\PNP0C02
2026-05-19 22:25:42 [DEBUG] [HWID] ACPI\PNP0C02\90 -> ACPI\PNP0C02
2026-05-19 22:25:42 [DEBUG] [HWID] ACPI\PNP0C02\91 -> ACPI\PNP0C02
2026-05-19 22:25:42 [DEBUG] [HWID] PCI\VEN_15B7&DEV_5041&SUBSYS_504115B7&REV_01\4&2B5FE750&0&0009 -> VEN_15B7&DEV_5041
2026-05-19 22:25:42 [DEBUG] [HWID] USB\ROOT_HUB30\5&19AA5C54&0&0 -> None (no match)
2026-05-19 22:25:42 [DEBUG] [HWID] USB\VID_2148&PID_7022\6&3AF0F9CE&0&9 -> USB\VID_2148&PID_7022
2026-05-19 22:25:42 [DEBUG] [HWID] USB\VID_320F&PID_5000&MI_01\7&305F3B7D&0&0001 -> USB\VID_320F&PID_5000
2026-05-19 22:25:42 [DEBUG] [HWID] HID\VID_320F&PID_5000&MI_01&COL03\8&196799EA&0&0002 -> HID\VID_320F&PID_5000
2026-05-19 22:25:42 [DEBUG] [HWID] ACPI\PNP0C0C\AA -> ACPI\PNP0C0C
2026-05-19 22:25:42 [DEBUG] [HWID] PCI\VEN_1022&DEV_1442&SUBSYS_00000000&REV_00\3&11583659&0&C2 -> VEN_1022&DEV_1442
2026-05-19 22:25:42 [DEBUG] [HWID] USB\VID_041E&PID_3274&MI_03\7&887C350&0&0003 -> USB\VID_041E&PID_3274
2026-05-19 22:25:42 [DEBUG] [HWID] USB\VID_041E&PID_3274&MI_00\7&887C350&0&0000 -> USB\VID_041E&PID_3274
2026-05-19 22:25:42 [DEBUG] [HWID] PCI\VEN_1022&DEV_1486&SUBSYS_14861022&REV_00\4&1FDE7688&0&0141 -> VEN_1022&DEV_1486
2026-05-19 22:25:42 [DEBUG] [HWID] HID\VID_041E&PID_3274&MI_03&COL03\8&2B2801A5&0&0002 -> HID\VID_041E&PID_3274
2026-05-19 22:25:42 [DEBUG] [HWID] ACPI\PNP0C02\700 -> ACPI\PNP0C02
2026-05-19 22:25:42 [DEBUG] [HWID] PCI\VEN_10DE&DEV_2504&SUBSYS_881D1043&REV_A1\4&1FC990D7&0&0019 -> VEN_10DE&DEV_2504
2026-05-19 22:25:42 [DEBUG] [HWID] USB\VID_0B05&PID_190E\00E04C239987 -> USB\VID_0B05&PID_190E
2026-05-19 22:25:42 [DEBUG] [HWID] HID\VID_320F&PID_5000&MI_01&COL04\8&196799EA&0&0003 -> HID\VID_320F&PID_5000
2026-05-19 22:25:42 [DEBUG] [HWID] PCI\VEN_1022&DEV_1447&SUBSYS_00000000&REV_00\3&11583659&0&C7 -> VEN_1022&DEV_1447
2026-05-19 22:25:42 [DEBUG] [HWID] ACPI\PNP0200\4&DC53F1&0 -> ACPI\PNP0200
2026-05-19 22:25:42 [DEBUG] [HWID] HDAUDIO\FUNC_01&VEN_10DE&DEV_009F&SUBSYS_1043881D&REV_1001\5&C6AEC7A&0&0001 -> HDAUDIO\FUNC_01&VEN_10DE&DEV_009F
2026-05-19 22:25:42 [DEBUG] [HWID] PCI\VEN_1022&DEV_790E&SUBSYS_FFFF1849&REV_51\3&11583659&0&A3 -> VEN_1022&DEV_790E
2026-05-19 22:25:42 [INFO] PnP szürés: 53 eszköz átment
2026-05-19 22:25:42 [INFO] [EMIT:hw_scan_progress] ✅ 53 hardverelem azonosítva, WU keresés indul...
2026-05-19 22:25:42 [DEBUG] [CMD] Futtatás: reg add HKLM\SOFTWARE\Microsoft\Windows\CurrentVersion\DriverSearching /v SearchOrderConfig /t REG_DWORD /d 1 /f
2026-05-19 22:25:42 [DEBUG] [CMD] OK (0.0s)
2026-05-19 22:25:42 [DEBUG] [CMD] stdout: The operation completed successfully.
2026-05-19 22:25:42 [INFO] [WU_API] _search_wu_api() indult...
2026-05-19 22:25:42 [DEBUG] [CMD] Futtatás: powershell -NoProfile -Command 
[Console]::OutputEncoding = [System.Text.Encoding]::UTF8
try {
    $Session = New-Object -ComObject Microsoft.Update.Session
    $Searcher = $Session.CreateUpdateSearcher()
    try {
        $SM = New-Object -ComObject Microsoft.Update.ServiceManager
        $SM.AddSe
2026-05-19 22:25:49 [DEBUG] [CMD] OK (6.8s)
2026-05-19 22:25:49 [DEBUG] [CMD] stdout: [{"Title":"Razer Inc - HIDClass - 6.2.9200.16547","DriverModel":"Razer DeathAdder Essential","HardwareID":"usb\\vid_1532\u0026pid_0071\u0026mi_02","DriverClass":"OtherHardware","DriverProvider":"Razer Inc","UpdateID":"6421d8bc-27b7-43c2-9838-81feb5bcff06","Size":20900301},{"Title":"Apple, Inc. - USBDevice - 538.0.0.0","DriverModel":"Apple Mobile Device USB Composite Device","HardwareID":"usb\\vid_05ac\u0026pid_12a8","DriverClass":"OtherHardware","DriverProvider":"Apple, Inc.","UpdateID":"9ec2222a-aad4-4c1a-bef5-c5fe7c137753","Size":99260},{"Title":"SAMSUNG Electronics Co., Ltd.  - USB - 2.21.0.0","DriverModel":"SAMSUNG Mobile USB Composite Device ","HardwareID":"usb\\vid_04e8\u0026pid_6860","DriverClass":"OtherHardware","DriverProvider":"SAMSUNG Electronics Co., Ltd. ","UpdateID":"b98198fc-0776-49e2-8a96-dede64191d5c","Size":5261534}]
2026-05-19 22:25:49 [INFO] [WU_API] Talált frissítések: 3
2026-05-19 22:25:49 [DEBUG] [CMD] Futtatás: reg add HKLM\SOFTWARE\Microsoft\Windows\CurrentVersion\DriverSearching /v SearchOrderConfig /t REG_DWORD /d 0 /f
2026-05-19 22:25:49 [DEBUG] [CMD] OK (0.0s)
2026-05-19 22:25:49 [DEBUG] [CMD] stdout: The operation completed successfully.
2026-05-19 22:25:49 [INFO] [EMIT:hw_scan_progress] 📋 Eredmények feldolgozása...
2026-05-19 22:25:49 [DEBUG] [WU_API] Ghost / Unmatched eszköz kihagyva: Razer Inc - HIDClass - 6.2.9200.16547
2026-05-19 22:25:49 [DEBUG] [WU_API] Ghost / Unmatched eszköz kihagyva: Apple, Inc. - USBDevice - 538.0.0.0
2026-05-19 22:25:49 [DEBUG] [WU_API] Ghost / Unmatched eszköz kihagyva: SAMSUNG Electronics Co., Ltd.  - USB - 2.21.0.0
2026-05-19 22:25:49 [DEBUG] [EMIT:hw_scan_result] data={"pool": [], "installed": [{"cat": "🖱️ Periféria", "name": "USB Input Device", "id": "USB\\VID_1AF3&PID_0001", "pnp_id": "USB\\VID_1AF3&PID_0001\\6&25A4B41B&0&2"}, {"cat": "⚙️ Rendszereszköz", "name":
2026-05-19 22:26:01 [INFO] [API] start_stress_tests()
2026-05-19 22:26:01 [INFO] [THREAD:stress] Háttérszál indul...
2026-05-19 22:26:01 [DEBUG] [EMIT:task_start] data={"task": "stress", "title": "Stabilitás Teszt Indítása"}
2026-05-19 22:26:01 [INFO] [EMIT:task_progress] 🌐 Tesztprogramok letöltése a háttérben...
2026-05-19 22:26:01 [INFO] [STRESS] Letöltés INNEN: https://github.com/egonixaimgod/DriverVarázsló/releases/download/stresstools.zip/stresstools.zip
2026-05-19 22:26:01 [ERROR] Stressz teszt hiba: 'ascii' codec can't encode character '\xe1' in position 27: ordinal not in range(128)
2026-05-19 22:26:01 [INFO] [EMIT:task_error] Hiba: 'ascii' codec can't encode character '\xe1' in position 27: ordinal not in range(128)
2026-05-19 22:26:01 [INFO] [THREAD:stress] Befejezve (0.2s)
2026-05-19 22:26:07 [INFO] [API] start_stress_tests()
2026-05-19 22:26:07 [INFO] [THREAD:stress] Háttérszál indul...
2026-05-19 22:26:07 [DEBUG] [EMIT:task_start] data={"task": "stress", "title": "Stabilitás Teszt Indítása"}
2026-05-19 22:26:07 [INFO] [EMIT:task_progress] 🌐 Tesztprogramok letöltése a háttérben...
2026-05-19 22:26:07 [INFO] [EMIT:task_progress] 🔥 Programok rászabadítása a gépre...
2026-05-19 22:26:07 [INFO] [EMIT:task_progress] ⚠️ Nem található a ZIP-ben: FurMark
2026-05-19 22:26:07 [INFO] [EMIT:task_progress] ⚠️ Nem található a ZIP-ben: Linpack
2026-05-19 22:26:07 [INFO] [EMIT:task_progress] ⚠️ Nem található a ZIP-ben: Prime95
2026-05-19 22:26:07 [INFO] [EMIT:task_complete] ⚠️ Csak 0/3 program indult el.
2026-05-19 22:26:07 [INFO] [THREAD:stress] Befejezve (0.0s)
2026-05-19 22:26:13 [INFO] [API] start_stress_tests()
2026-05-19 22:26:13 [INFO] [THREAD:stress] Háttérszál indul...
2026-05-19 22:26:13 [DEBUG] [EMIT:task_start] data={"task": "stress", "title": "Stabilitás Teszt Indítása"}
2026-05-19 22:26:13 [INFO] [EMIT:task_progress] 🌐 Tesztprogramok letöltése a háttérben...
2026-05-19 22:26:13 [INFO] [EMIT:task_progress] 🔥 Programok rászabadítása a gépre...
2026-05-19 22:26:13 [INFO] [EMIT:task_progress] ⚠️ Nem található a ZIP-ben: FurMark
2026-05-19 22:26:13 [INFO] [EMIT:task_progress] ⚠️ Nem található a ZIP-ben: Linpack
2026-05-19 22:26:13 [INFO] [EMIT:task_progress] ⚠️ Nem található a ZIP-ben: Prime95
2026-05-19 22:26:13 [INFO] [EMIT:task_complete] ⚠️ Csak 0/3 program indult el.
2026-05-19 22:26:13 [INFO] [THREAD:stress] Befejezve (0.0s)
2026-05-19 22:26:21 [INFO] ==================================================
2026-05-19 22:26:21 [INFO] DriverVarázsló ELINDITVA
2026-05-19 22:26:21 [INFO] Futtatasi konyvtar: C:\Users\ego\Desktop\New folder (3)\DriverDoktor\dist
2026-05-19 22:26:21 [INFO] ==================================================
2026-05-19 22:26:21 [INFO] [INIT] WebView2 Runtime OK: v148.0.3967.70
2026-05-19 22:26:21 [INFO] [INIT] DriverToolApi inicializálás...
2026-05-19 22:26:21 [INFO] [INIT] sys_drive=C:\
2026-05-19 22:26:21 [INFO] [INIT] DriverToolApi kész.
2026-05-19 22:26:21 [INFO] [MAIN] webview.start() hívása...
2026-05-19 22:26:22 [INFO] [WINDOW] WebView ablak beállítása...
2026-05-19 22:26:22 [INFO] [API] get_init_data() hívás - build=103, target=None
2026-05-19 22:26:22 [INFO] [WINDOW] WebView2 DOM kész (1 próba után, 0.1s)
2026-05-19 22:26:22 [INFO] [API] load_drivers(all_drivers=False)
2026-05-19 22:26:22 [DEBUG] [EMIT:drivers_loading] data=None
2026-05-19 22:26:22 [INFO] [DRIVERS] Third-party driverek lekérdezés
2026-05-19 22:26:22 [DEBUG] [DRIVERS] dism /English /Online /Get-Drivers futtatása...
2026-05-19 22:26:22 [DEBUG] [CMD] Futtatás: dism /English /Online /Get-Drivers
2026-05-19 22:26:22 [INFO] [WATCHDOG] WebView2 sikeresen elindult
2026-05-19 22:26:23 [DEBUG] [CMD] OK (1.0s)
2026-05-19 22:26:23 [DEBUG] [CMD] stdout: Deployment Image Servicing and Management tool
Version: 10.0.22621.1

Image Version: 10.0.22621.2134

Obtaining list of 3rd party drivers from the driver store...

Driver packages listing:

Published Name : oem0.inf
Original File Name : smbusamd.inf
Inbox : No
Class Name : System
Provider Name : Advanced Micro Devices, Inc
Date : 8/30/2017
Version : 5.12.0.38

Published Name : oem1.inf
Original File Name : amdgpio3.inf
Inbox : No
Class Name : System
Provider Name : Advanced Micro Devices, Inc.
Date : 8/29/2017
Version : 2.0.1.0

Published Name : oem10.inf
Original File Name : nvppc.inf
Inbox : No
Class Name : USB
Provider Name : NVIDIA
Date : 1/20/2026
Version : 1.52.831.832

Published Name : oem11.inf
Original File Name : amdgpio2.inf
Inbox : No
Class Name : System
Provider Name : Advanced Micro Devices, Inc
Date : 9/29/2019
Version : 2.2.0.121

Published Name : oem12.inf
Original File Name : rtkfilter.inf
Inbox : No
Class Name : Bluetooth
Provider Name : Realtek Semiconductor Corp.
Date : 9/29/2021
Version : 1.9.1038.3001

Published Name : oem2.inf
Original File Name : amdgpio3.inf
Inbox : No
Class Name : System
Provider Name : Advanced Micro Devices, Inc.
Date : 3/14/2016
Version : 2.0.1.0

Published Name : oem3.inf
Original File Name : smbusamd.inf
Inbox : No
Class Name : System
Provider Name : Advanced Micro Devices, Inc
Date : 1/18/2015
Version : 5.12.0.31

Published Name : oem4.inf
Original File Name : ksusbaud.inf
Inbox : No
Class Name : MEDIA
Provider Name : Creative Technology Ltd.
Date : 1/6/2021
Version : 1.16.4.26

Published Name : oem5.inf
Original File Name : amdpcidev.inf
Inbox : No
Class Name : System
Provider Name : Advanced Micro Devices
Date : 5/18/2021
Version : 1.0.0.83

Published Name : oem6.inf
Original File Name : amdpsp.inf
Inbox : No
Class Name : SecurityDevices
Provider Name : Advanced Micro Devices Inc.
Date : 6/11/2021
Version : 5.17.0.0

Published Name : oem7.inf
Original File Name : nv_dispig.inf
Inbox : No
Class Name : Display
Provider Name : NVIDIA
Date : 1/20/2026
Version : 32.0.15.9186

Published Name : oem8.inf
Original File Name : nvhda.inf
Inbox : No
Class Name : MEDIA
Provider Name : NVIDIA Corporation
Date : 1/20/2026
Version : 1.4.5.7

Published Name : oem9.inf
Original File Name : nvpcf.inf
Inbox : No
Class Name : SoftwareDevice
Provider Name : NVIDIA
Date : 1/20/2026
Version : 32.0.15.9071

The operation completed successfully.
2026-05-19 22:26:23 [INFO] [DRIVERS] Betöltve: 13 driver (1.0s)
2026-05-19 22:26:23 [DEBUG] [EMIT:drivers_loaded] data={"drivers": [{"published": "oem0.inf", "original": "smbusamd.inf", "class": "System", "provider": "Advanced Micro Devices, Inc"}, {"published": "oem1.inf", "original": "amdgpio3.inf", "class": "System
2026-05-19 22:27:03 [INFO] ==================================================
2026-05-19 22:27:03 [INFO] DriverVarázsló ELINDITVA
2026-05-19 22:27:03 [INFO] Futtatasi konyvtar: C:\Users\ego\Desktop\New folder (3)\DriverDoktor\dist
2026-05-19 22:27:03 [INFO] ==================================================
2026-05-19 22:27:03 [INFO] [INIT] WebView2 Runtime OK: v148.0.3967.70
2026-05-19 22:27:03 [INFO] [INIT] DriverToolApi inicializálás...
2026-05-19 22:27:03 [INFO] [INIT] sys_drive=C:\
2026-05-19 22:27:03 [INFO] [INIT] DriverToolApi kész.
2026-05-19 22:27:03 [INFO] [MAIN] webview.start() hívása...
2026-05-19 22:27:03 [INFO] [WINDOW] WebView ablak beállítása...
2026-05-19 22:27:04 [INFO] [API] get_init_data() hívás - build=103, target=None
2026-05-19 22:27:04 [INFO] [WINDOW] WebView2 DOM kész (1 próba után, 0.1s)
2026-05-19 22:27:04 [INFO] [API] load_drivers(all_drivers=False)
2026-05-19 22:27:04 [DEBUG] [EMIT:drivers_loading] data=None
2026-05-19 22:27:04 [INFO] [DRIVERS] Third-party driverek lekérdezés
2026-05-19 22:27:04 [DEBUG] [DRIVERS] dism /English /Online /Get-Drivers futtatása...
2026-05-19 22:27:04 [DEBUG] [CMD] Futtatás: dism /English /Online /Get-Drivers
2026-05-19 22:27:04 [INFO] [WATCHDOG] WebView2 sikeresen elindult
2026-05-19 22:27:05 [DEBUG] [CMD] OK (1.0s)
2026-05-19 22:27:05 [DEBUG] [CMD] stdout: Deployment Image Servicing and Management tool
Version: 10.0.22621.1

Image Version: 10.0.22621.2134

Obtaining list of 3rd party drivers from the driver store...

Driver packages listing:

Published Name : oem0.inf
Original File Name : smbusamd.inf
Inbox : No
Class Name : System
Provider Name : Advanced Micro Devices, Inc
Date : 8/30/2017
Version : 5.12.0.38

Published Name : oem1.inf
Original File Name : amdgpio3.inf
Inbox : No
Class Name : System
Provider Name : Advanced Micro Devices, Inc.
Date : 8/29/2017
Version : 2.0.1.0

Published Name : oem10.inf
Original File Name : nvppc.inf
Inbox : No
Class Name : USB
Provider Name : NVIDIA
Date : 1/20/2026
Version : 1.52.831.832

Published Name : oem11.inf
Original File Name : amdgpio2.inf
Inbox : No
Class Name : System
Provider Name : Advanced Micro Devices, Inc
Date : 9/29/2019
Version : 2.2.0.121

Published Name : oem12.inf
Original File Name : rtkfilter.inf
Inbox : No
Class Name : Bluetooth
Provider Name : Realtek Semiconductor Corp.
Date : 9/29/2021
Version : 1.9.1038.3001

Published Name : oem2.inf
Original File Name : amdgpio3.inf
Inbox : No
Class Name : System
Provider Name : Advanced Micro Devices, Inc.
Date : 3/14/2016
Version : 2.0.1.0

Published Name : oem3.inf
Original File Name : smbusamd.inf
Inbox : No
Class Name : System
Provider Name : Advanced Micro Devices, Inc
Date : 1/18/2015
Version : 5.12.0.31

Published Name : oem4.inf
Original File Name : ksusbaud.inf
Inbox : No
Class Name : MEDIA
Provider Name : Creative Technology Ltd.
Date : 1/6/2021
Version : 1.16.4.26

Published Name : oem5.inf
Original File Name : amdpcidev.inf
Inbox : No
Class Name : System
Provider Name : Advanced Micro Devices
Date : 5/18/2021
Version : 1.0.0.83

Published Name : oem6.inf
Original File Name : amdpsp.inf
Inbox : No
Class Name : SecurityDevices
Provider Name : Advanced Micro Devices Inc.
Date : 6/11/2021
Version : 5.17.0.0

Published Name : oem7.inf
Original File Name : nv_dispig.inf
Inbox : No
Class Name : Display
Provider Name : NVIDIA
Date : 1/20/2026
Version : 32.0.15.9186

Published Name : oem8.inf
Original File Name : nvhda.inf
Inbox : No
Class Name : MEDIA
Provider Name : NVIDIA Corporation
Date : 1/20/2026
Version : 1.4.5.7

Published Name : oem9.inf
Original File Name : nvpcf.inf
Inbox : No
Class Name : SoftwareDevice
Provider Name : NVIDIA
Date : 1/20/2026
Version : 32.0.15.9071

The operation completed successfully.
2026-05-19 22:27:05 [INFO] [DRIVERS] Betöltve: 13 driver (1.0s)
2026-05-19 22:27:05 [DEBUG] [EMIT:drivers_loaded] data={"drivers": [{"published": "oem0.inf", "original": "smbusamd.inf", "class": "System", "provider": "Advanced Micro Devices, Inc"}, {"published": "oem1.inf", "original": "amdgpio3.inf", "class": "System
2026-05-19 22:29:36 [INFO] [API] check_wu_status()
2026-05-19 22:29:36 [DEBUG] [WU_STATUS] ExcludeWUDriversInQualityUpdate = 1
2026-05-19 22:29:36 [DEBUG] [WU_STATUS] SearchOrderConfig = 0
2026-05-19 22:29:36 [INFO] [WU_STATUS] Eredmény: Teljesen LETILTVA
2026-05-19 22:29:41 [INFO] [API] start_stress_tests()
2026-05-19 22:29:41 [INFO] [THREAD:stress] Háttérszál indul...
2026-05-19 22:29:41 [DEBUG] [EMIT:task_start] data={"task": "stress", "title": "Stabilitás Teszt Indítása"}
2026-05-19 22:29:41 [INFO] [EMIT:task_progress] 🌐 Tesztprogramok letöltése a háttérben...
2026-05-19 22:29:41 [INFO] [EMIT:task_progress] 🔥 Programok rászabadítása a gépre...
2026-05-19 22:29:41 [INFO] [EMIT:task_progress] ⚠️ Nem található a ZIP-ben: FurMark
2026-05-19 22:29:41 [INFO] [EMIT:task_progress] ⚠️ Nem található a ZIP-ben: Linpack
2026-05-19 22:29:41 [INFO] [EMIT:task_progress] ⚠️ Nem található a ZIP-ben: Prime95
2026-05-19 22:29:41 [INFO] [EMIT:task_complete] ⚠️ Csak 0/3 program indult el.
2026-05-19 22:29:41 [INFO] [THREAD:stress] Befejezve (0.0s)
2026-05-19 22:40:49 [INFO] ==================================================
2026-05-19 22:40:49 [INFO] DriverVarázsló ELINDITVA
2026-05-19 22:40:49 [INFO] Futtatasi konyvtar: C:\Users\ego\Desktop\New folder (3)\DriverDoktor\dist
2026-05-19 22:40:49 [INFO] ==================================================
2026-05-19 22:40:49 [INFO] [INIT] WebView2 Runtime OK: v148.0.3967.70
2026-05-19 22:40:49 [INFO] [INIT] DriverToolApi inicializálás...
2026-05-19 22:40:49 [INFO] [INIT] sys_drive=C:\
2026-05-19 22:40:49 [INFO] [INIT] DriverToolApi kész.
2026-05-19 22:40:49 [INFO] [MAIN] webview.start() hívása...
2026-05-19 22:40:50 [INFO] [WINDOW] WebView ablak beállítása...
2026-05-19 22:40:51 [INFO] [API] get_init_data() hívás - build=103, target=None
2026-05-19 22:40:51 [INFO] [WINDOW] WebView2 DOM kész (1 próba után, 0.1s)
2026-05-19 22:40:51 [INFO] [API] load_drivers(all_drivers=False)
2026-05-19 22:40:51 [DEBUG] [EMIT:drivers_loading] data=None
2026-05-19 22:40:51 [INFO] [DRIVERS] Third-party driverek lekérdezés
2026-05-19 22:40:51 [DEBUG] [DRIVERS] dism /English /Online /Get-Drivers futtatása...
2026-05-19 22:40:51 [DEBUG] [CMD] Futtatás: dism /English /Online /Get-Drivers
2026-05-19 22:40:51 [INFO] [WATCHDOG] WebView2 sikeresen elindult
2026-05-19 22:40:52 [DEBUG] [CMD] OK (1.0s)
2026-05-19 22:40:52 [DEBUG] [CMD] stdout: Deployment Image Servicing and Management tool
Version: 10.0.22621.1

Image Version: 10.0.22621.2134

Obtaining list of 3rd party drivers from the driver store...

Driver packages listing:

Published Name : oem0.inf
Original File Name : smbusamd.inf
Inbox : No
Class Name : System
Provider Name : Advanced Micro Devices, Inc
Date : 8/30/2017
Version : 5.12.0.38

Published Name : oem1.inf
Original File Name : amdgpio3.inf
Inbox : No
Class Name : System
Provider Name : Advanced Micro Devices, Inc.
Date : 8/29/2017
Version : 2.0.1.0

Published Name : oem10.inf
Original File Name : nvppc.inf
Inbox : No
Class Name : USB
Provider Name : NVIDIA
Date : 1/20/2026
Version : 1.52.831.832

Published Name : oem11.inf
Original File Name : amdgpio2.inf
Inbox : No
Class Name : System
Provider Name : Advanced Micro Devices, Inc
Date : 9/29/2019
Version : 2.2.0.121

Published Name : oem12.inf
Original File Name : rtkfilter.inf
Inbox : No
Class Name : Bluetooth
Provider Name : Realtek Semiconductor Corp.
Date : 9/29/2021
Version : 1.9.1038.3001

Published Name : oem2.inf
Original File Name : amdgpio3.inf
Inbox : No
Class Name : System
Provider Name : Advanced Micro Devices, Inc.
Date : 3/14/2016
Version : 2.0.1.0

Published Name : oem3.inf
Original File Name : smbusamd.inf
Inbox : No
Class Name : System
Provider Name : Advanced Micro Devices, Inc
Date : 1/18/2015
Version : 5.12.0.31

Published Name : oem4.inf
Original File Name : ksusbaud.inf
Inbox : No
Class Name : MEDIA
Provider Name : Creative Technology Ltd.
Date : 1/6/2021
Version : 1.16.4.26

Published Name : oem5.inf
Original File Name : amdpcidev.inf
Inbox : No
Class Name : System
Provider Name : Advanced Micro Devices
Date : 5/18/2021
Version : 1.0.0.83

Published Name : oem6.inf
Original File Name : amdpsp.inf
Inbox : No
Class Name : SecurityDevices
Provider Name : Advanced Micro Devices Inc.
Date : 6/11/2021
Version : 5.17.0.0

Published Name : oem7.inf
Original File Name : nv_dispig.inf
Inbox : No
Class Name : Display
Provider Name : NVIDIA
Date : 1/20/2026
Version : 32.0.15.9186

Published Name : oem8.inf
Original File Name : nvhda.inf
Inbox : No
Class Name : MEDIA
Provider Name : NVIDIA Corporation
Date : 1/20/2026
Version : 1.4.5.7

Published Name : oem9.inf
Original File Name : nvpcf.inf
Inbox : No
Class Name : SoftwareDevice
Provider Name : NVIDIA
Date : 1/20/2026
Version : 32.0.15.9071

The operation completed successfully.
2026-05-19 22:40:52 [INFO] [DRIVERS] Betöltve: 13 driver (1.0s)
2026-05-19 22:40:52 [DEBUG] [EMIT:drivers_loaded] data={"drivers": [{"published": "oem0.inf", "original": "smbusamd.inf", "class": "System", "provider": "Advanced Micro Devices, Inc"}, {"published": "oem1.inf", "original": "amdgpio3.inf", "class": "System
2026-05-19 22:40:58 [INFO] [API] start_stress_tests()
2026-05-19 22:40:58 [INFO] [THREAD:stress] Háttérszál indul...
2026-05-19 22:40:58 [DEBUG] [EMIT:task_start] data={"task": "stress", "title": "Stabilitás Teszt Indítása"}
2026-05-19 22:40:58 [INFO] [EMIT:task_progress] 🌐 Tesztprogramok letöltése a háttérben...
2026-05-19 22:40:58 [INFO] [EMIT:task_progress] 🔥 Programok rászabadítása a gépre...
2026-05-19 22:40:58 [INFO] [EMIT:task_progress] ⚠️ Nem található a ZIP-ben: FurMark
2026-05-19 22:40:58 [INFO] [EMIT:task_progress] ⚠️ Nem található a ZIP-ben: Linpack
2026-05-19 22:40:58 [INFO] [EMIT:task_progress] ⚠️ Nem található a ZIP-ben: Prime95
2026-05-19 22:40:58 [INFO] [EMIT:task_complete] ⚠️ Csak 0/3 program indult el.
2026-05-19 22:40:58 [INFO] [THREAD:stress] Befejezve (0.0s)
2026-05-19 22:41:56 [INFO] [API] start_stress_tests()
2026-05-19 22:41:56 [INFO] [THREAD:stress] Háttérszál indul...
2026-05-19 22:41:56 [DEBUG] [EMIT:task_start] data={"task": "stress", "title": "Stabilitás Teszt Indítása"}
2026-05-19 22:41:56 [INFO] [EMIT:task_progress] 🌐 Tesztprogramok letöltése a háttérben...
2026-05-19 22:41:56 [INFO] [STRESS] Letöltés INNEN: https://github.com/egonixaimgod/DriverDoktor/releases/download/stresstools.zip/stresstools.zip
2026-05-19 22:41:58 [INFO] [EMIT:task_progress] 📦 Fájlok kicsomagolása...
2026-05-19 22:41:58 [INFO] [EMIT:task_progress] 🔥 Programok rászabadítása a gépre...
2026-05-19 22:41:58 [INFO] [EMIT:task_progress] ✅ Elindítva: FurMark
2026-05-19 22:41:58 [INFO] [EMIT:task_progress] ✅ Elindítva: Linpack
2026-05-19 22:41:59 [INFO] [EMIT:task_progress] ✅ Elindítva: Prime95
2026-05-19 22:41:59 [INFO] [EMIT:task_complete] 👀 Minden teszt elindult. Égjen!
2026-05-19 22:41:59 [INFO] [THREAD:stress] Befejezve (2.3s)
2026-05-19 22:46:20 [INFO] ==================================================
2026-05-19 22:46:20 [INFO] DriverVarázsló ELINDITVA
2026-05-19 22:46:20 [INFO] Futtatasi konyvtar: C:\Users\ego\Desktop\New folder (3)\DriverDoktor\dist
2026-05-19 22:46:20 [INFO] ==================================================
2026-05-19 22:46:20 [INFO] [INIT] WebView2 Runtime OK: v148.0.3967.70
2026-05-19 22:46:20 [INFO] [INIT] DriverToolApi inicializálás...
2026-05-19 22:46:20 [INFO] [INIT] sys_drive=C:\
2026-05-19 22:46:20 [INFO] [INIT] DriverToolApi kész.
2026-05-19 22:46:20 [INFO] [MAIN] webview.start() hívása...
2026-05-19 22:46:20 [INFO] [WINDOW] WebView ablak beállítása...
2026-05-19 22:46:21 [INFO] [API] get_init_data() hívás - build=103, target=None
2026-05-19 22:46:21 [INFO] [WINDOW] WebView2 DOM kész (1 próba után, 0.1s)
2026-05-19 22:46:21 [INFO] [API] load_drivers(all_drivers=False)
2026-05-19 22:46:21 [DEBUG] [EMIT:drivers_loading] data=None
2026-05-19 22:46:21 [INFO] [DRIVERS] Third-party driverek lekérdezés
2026-05-19 22:46:21 [DEBUG] [DRIVERS] dism /English /Online /Get-Drivers futtatása...
2026-05-19 22:46:21 [DEBUG] [CMD] Futtatás: dism /English /Online /Get-Drivers
2026-05-19 22:46:21 [INFO] [WATCHDOG] WebView2 sikeresen elindult
2026-05-19 22:46:22 [DEBUG] [CMD] OK (1.0s)
2026-05-19 22:46:22 [DEBUG] [CMD] stdout: Deployment Image Servicing and Management tool
Version: 10.0.22621.1

Image Version: 10.0.22621.2134

Obtaining list of 3rd party drivers from the driver store...

Driver packages listing:

Published Name : oem0.inf
Original File Name : smbusamd.inf
Inbox : No
Class Name : System
Provider Name : Advanced Micro Devices, Inc
Date : 8/30/2017
Version : 5.12.0.38

Published Name : oem1.inf
Original File Name : amdgpio3.inf
Inbox : No
Class Name : System
Provider Name : Advanced Micro Devices, Inc.
Date : 8/29/2017
Version : 2.0.1.0

Published Name : oem10.inf
Original File Name : nvppc.inf
Inbox : No
Class Name : USB
Provider Name : NVIDIA
Date : 1/20/2026
Version : 1.52.831.832

Published Name : oem11.inf
Original File Name : amdgpio2.inf
Inbox : No
Class Name : System
Provider Name : Advanced Micro Devices, Inc
Date : 9/29/2019
Version : 2.2.0.121

Published Name : oem12.inf
Original File Name : rtkfilter.inf
Inbox : No
Class Name : Bluetooth
Provider Name : Realtek Semiconductor Corp.
Date : 9/29/2021
Version : 1.9.1038.3001

Published Name : oem2.inf
Original File Name : amdgpio3.inf
Inbox : No
Class Name : System
Provider Name : Advanced Micro Devices, Inc.
Date : 3/14/2016
Version : 2.0.1.0

Published Name : oem3.inf
Original File Name : smbusamd.inf
Inbox : No
Class Name : System
Provider Name : Advanced Micro Devices, Inc
Date : 1/18/2015
Version : 5.12.0.31

Published Name : oem4.inf
Original File Name : ksusbaud.inf
Inbox : No
Class Name : MEDIA
Provider Name : Creative Technology Ltd.
Date : 1/6/2021
Version : 1.16.4.26

Published Name : oem5.inf
Original File Name : amdpcidev.inf
Inbox : No
Class Name : System
Provider Name : Advanced Micro Devices
Date : 5/18/2021
Version : 1.0.0.83

Published Name : oem6.inf
Original File Name : amdpsp.inf
Inbox : No
Class Name : SecurityDevices
Provider Name : Advanced Micro Devices Inc.
Date : 6/11/2021
Version : 5.17.0.0

Published Name : oem7.inf
Original File Name : nv_dispig.inf
Inbox : No
Class Name : Display
Provider Name : NVIDIA
Date : 1/20/2026
Version : 32.0.15.9186

Published Name : oem8.inf
Original File Name : nvhda.inf
Inbox : No
Class Name : MEDIA
Provider Name : NVIDIA Corporation
Date : 1/20/2026
Version : 1.4.5.7

Published Name : oem9.inf
Original File Name : nvpcf.inf
Inbox : No
Class Name : SoftwareDevice
Provider Name : NVIDIA
Date : 1/20/2026
Version : 32.0.15.9071

The operation completed successfully.
2026-05-19 22:46:22 [INFO] [DRIVERS] Betöltve: 13 driver (1.0s)
2026-05-19 22:46:22 [DEBUG] [EMIT:drivers_loaded] data={"drivers": [{"published": "oem0.inf", "original": "smbusamd.inf", "class": "System", "provider": "Advanced Micro Devices, Inc"}, {"published": "oem1.inf", "original": "amdgpio3.inf", "class": "System
2026-05-19 22:46:43 [INFO] [API] check_wu_status()
2026-05-19 22:46:43 [DEBUG] [WU_STATUS] ExcludeWUDriversInQualityUpdate = 1
2026-05-19 22:46:43 [DEBUG] [WU_STATUS] SearchOrderConfig = 0
2026-05-19 22:46:43 [INFO] [WU_STATUS] Eredmény: Teljesen LETILTVA
2026-05-19 22:46:47 [INFO] [API] disable_wu()
2026-05-19 22:46:47 [INFO] [THREAD:disable_wu] Háttérszál indul...
2026-05-19 22:46:47 [INFO] [WU] WU driver letiltás indítása...
2026-05-19 22:46:47 [DEBUG] [EMIT:task_start] data={"task": "disable_wu", "title": "WU Driver Letiltás"}
2026-05-19 22:46:47 [INFO] [EMIT:task_progress] Windows automata driver frissítések letiltása a Registryben...
2026-05-19 22:46:47 [DEBUG] [CMD] Futtatás: reg add HKLM\SOFTWARE\Microsoft\Windows\CurrentVersion\DriverSearching /v SearchOrderConfig /t REG_DWORD /d 0 /f
2026-05-19 22:46:47 [DEBUG] [CMD] OK (0.0s)
2026-05-19 22:46:47 [DEBUG] [CMD] stdout: The operation completed successfully.
2026-05-19 22:46:47 [INFO] [EMIT:task_progress] ✅ Automatikus driver telepítés letiltva.
2026-05-19 22:46:47 [DEBUG] [CMD] Futtatás: net stop wuauserv & net start wuauserv
2026-05-19 22:46:49 [DEBUG] [CMD] OK (2.1s)
2026-05-19 22:46:49 [DEBUG] [CMD] stdout: The Windows Update service is starting.
The Windows Update service was started successfully.
2026-05-19 22:46:49 [INFO] [EMIT:task_progress] ✅ WU szolgáltatás újraindítva
2026-05-19 22:46:49 [INFO] [EMIT:task_complete] ✅ WU driver letiltás kész!
2026-05-19 22:46:49 [INFO] [THREAD:disable_wu] Befejezve (2.1s)
2026-05-19 22:46:49 [INFO] [API] check_wu_status()
2026-05-19 22:46:49 [DEBUG] [WU_STATUS] ExcludeWUDriversInQualityUpdate = 1
2026-05-19 22:46:49 [DEBUG] [WU_STATUS] SearchOrderConfig = 0
2026-05-19 22:46:49 [INFO] [WU_STATUS] Eredmény: Teljesen LETILTVA
2026-05-19 22:47:17 [INFO] [API] check_wu_status()
2026-05-19 22:47:17 [DEBUG] [WU_STATUS] ExcludeWUDriversInQualityUpdate = 1
2026-05-19 22:47:17 [DEBUG] [WU_STATUS] SearchOrderConfig = 0
2026-05-19 22:47:17 [INFO] [WU_STATUS] Eredmény: Teljesen LETILTVA
2026-05-19 22:47:33 [INFO] [API] check_wu_status()
2026-05-19 22:47:33 [DEBUG] [WU_STATUS] ExcludeWUDriversInQualityUpdate = 1
2026-05-19 22:47:33 [DEBUG] [WU_STATUS] SearchOrderConfig = 0
2026-05-19 22:47:33 [INFO] [WU_STATUS] Eredmény: Teljesen LETILTVA
2026-05-19 22:49:16 [INFO] [API] check_wu_status()
2026-05-19 22:49:16 [DEBUG] [WU_STATUS] ExcludeWUDriversInQualityUpdate = 1
2026-05-19 22:49:16 [DEBUG] [WU_STATUS] SearchOrderConfig = 0
2026-05-19 22:49:16 [INFO] [WU_STATUS] Eredmény: Teljesen LETILTVA
2026-05-19 22:57:17 [INFO] ==================================================
2026-05-19 22:57:17 [INFO] DriverVarázsló ELINDITVA
2026-05-19 22:57:17 [INFO] Futtatasi konyvtar: C:\Users\ego\Desktop\New folder (3)\DriverDoktor\dist
2026-05-19 22:57:17 [INFO] ==================================================
2026-05-19 22:57:17 [INFO] [INIT] WebView2 Runtime OK: v148.0.3967.70
2026-05-19 22:57:17 [INFO] [INIT] DriverToolApi inicializálás...
2026-05-19 22:57:17 [INFO] [INIT] sys_drive=C:\
2026-05-19 22:57:17 [INFO] [INIT] DriverToolApi kész.
2026-05-19 22:57:17 [INFO] [MAIN] webview.start() hívása...
2026-05-19 22:57:17 [INFO] [WINDOW] WebView ablak beállítása...
2026-05-19 22:57:18 [INFO] [API] get_init_data() hívás - build=103, target=None
2026-05-19 22:57:18 [INFO] [WINDOW] WebView2 DOM kész (1 próba után, 0.1s)
2026-05-19 22:57:18 [INFO] [API] load_drivers(all_drivers=False)
2026-05-19 22:57:18 [DEBUG] [EMIT:drivers_loading] data=None
2026-05-19 22:57:18 [INFO] [DRIVERS] Third-party driverek lekérdezés
2026-05-19 22:57:18 [DEBUG] [DRIVERS] dism /English /Online /Get-Drivers futtatása...
2026-05-19 22:57:18 [DEBUG] [CMD] Futtatás: dism /English /Online /Get-Drivers
2026-05-19 22:57:18 [INFO] [WATCHDOG] WebView2 sikeresen elindult
2026-05-19 22:57:19 [DEBUG] [CMD] OK (0.9s)
2026-05-19 22:57:19 [DEBUG] [CMD] stdout: Deployment Image Servicing and Management tool
Version: 10.0.22621.1

Image Version: 10.0.22621.2134

Obtaining list of 3rd party drivers from the driver store...

Driver packages listing:

Published Name : oem0.inf
Original File Name : smbusamd.inf
Inbox : No
Class Name : System
Provider Name : Advanced Micro Devices, Inc
Date : 8/30/2017
Version : 5.12.0.38

Published Name : oem1.inf
Original File Name : amdgpio3.inf
Inbox : No
Class Name : System
Provider Name : Advanced Micro Devices, Inc.
Date : 8/29/2017
Version : 2.0.1.0

Published Name : oem10.inf
Original File Name : nvppc.inf
Inbox : No
Class Name : USB
Provider Name : NVIDIA
Date : 1/20/2026
Version : 1.52.831.832

Published Name : oem11.inf
Original File Name : amdgpio2.inf
Inbox : No
Class Name : System
Provider Name : Advanced Micro Devices, Inc
Date : 9/29/2019
Version : 2.2.0.121

Published Name : oem12.inf
Original File Name : rtkfilter.inf
Inbox : No
Class Name : Bluetooth
Provider Name : Realtek Semiconductor Corp.
Date : 9/29/2021
Version : 1.9.1038.3001

Published Name : oem2.inf
Original File Name : amdgpio3.inf
Inbox : No
Class Name : System
Provider Name : Advanced Micro Devices, Inc.
Date : 3/14/2016
Version : 2.0.1.0

Published Name : oem3.inf
Original File Name : smbusamd.inf
Inbox : No
Class Name : System
Provider Name : Advanced Micro Devices, Inc
Date : 1/18/2015
Version : 5.12.0.31

Published Name : oem4.inf
Original File Name : ksusbaud.inf
Inbox : No
Class Name : MEDIA
Provider Name : Creative Technology Ltd.
Date : 1/6/2021
Version : 1.16.4.26

Published Name : oem5.inf
Original File Name : amdpcidev.inf
Inbox : No
Class Name : System
Provider Name : Advanced Micro Devices
Date : 5/18/2021
Version : 1.0.0.83

Published Name : oem6.inf
Original File Name : amdpsp.inf
Inbox : No
Class Name : SecurityDevices
Provider Name : Advanced Micro Devices Inc.
Date : 6/11/2021
Version : 5.17.0.0

Published Name : oem7.inf
Original File Name : nv_dispig.inf
Inbox : No
Class Name : Display
Provider Name : NVIDIA
Date : 1/20/2026
Version : 32.0.15.9186

Published Name : oem8.inf
Original File Name : nvhda.inf
Inbox : No
Class Name : MEDIA
Provider Name : NVIDIA Corporation
Date : 1/20/2026
Version : 1.4.5.7

Published Name : oem9.inf
Original File Name : nvpcf.inf
Inbox : No
Class Name : SoftwareDevice
Provider Name : NVIDIA
Date : 1/20/2026
Version : 32.0.15.9071

The operation completed successfully.
2026-05-19 22:57:19 [INFO] [DRIVERS] Betöltve: 13 driver (0.9s)
2026-05-19 22:57:19 [DEBUG] [EMIT:drivers_loaded] data={"drivers": [{"published": "oem0.inf", "original": "smbusamd.inf", "class": "System", "provider": "Advanced Micro Devices, Inc"}, {"published": "oem1.inf", "original": "amdgpio3.inf", "class": "System
2026-05-19 22:57:33 [INFO] [API] run_autofix() indítása
2026-05-19 22:57:33 [INFO] [THREAD:autofix] Háttérszál indul...
2026-05-19 22:57:33 [DEBUG] [EMIT:task_start] data={"task": "autofix", "title": "1 Kattintásos Driver Javítás és Frissítés"}
2026-05-19 22:57:33 [INFO] [EMIT:task_progress] Alvó mód és képernyő kikapcsolás letiltása (hogy ne szakadjon meg a folyamat)...
2026-05-19 22:57:33 [DEBUG] [CMD] Futtatás: powercfg /change monitor-timeout-ac 0
2026-05-19 22:57:33 [DEBUG] [CMD] OK (0.0s)
2026-05-19 22:57:33 [DEBUG] [CMD] Futtatás: powercfg /change monitor-timeout-dc 0
2026-05-19 22:57:33 [DEBUG] [CMD] OK (0.0s)
2026-05-19 22:57:33 [DEBUG] [CMD] Futtatás: powercfg /change standby-timeout-ac 0
2026-05-19 22:57:33 [DEBUG] [CMD] OK (0.0s)
2026-05-19 22:57:33 [DEBUG] [CMD] Futtatás: powercfg /change standby-timeout-dc 0
2026-05-19 22:57:33 [DEBUG] [CMD] OK (0.0s)
2026-05-19 22:57:33 [DEBUG] [CMD] Futtatás: powercfg /change hibernate-timeout-ac 0
2026-05-19 22:57:33 [DEBUG] [CMD] OK (0.0s)
2026-05-19 22:57:33 [DEBUG] [CMD] Futtatás: powercfg /change hibernate-timeout-dc 0
2026-05-19 22:57:33 [DEBUG] [CMD] OK (0.0s)
2026-05-19 22:57:33 [INFO] [EMIT:task_progress] ✅ Energiagazdálkodás beállítva.
2026-05-19 22:57:33 [INFO] [EMIT:task_progress] Registry Mentés (Restore Point) készítése folyamatban...
2026-05-19 22:57:33 [DEBUG] [CMD] Futtatás: powershell -NoProfile -Command Enable-ComputerRestore -Drive "$($env:SystemDrive)\" -ErrorAction SilentlyContinue
2026-05-19 22:57:34 [DEBUG] [CMD] OK (1.0s)
2026-05-19 22:57:34 [DEBUG] [CMD] Futtatás: reg add HKLM\SOFTWARE\Microsoft\Windows NT\CurrentVersion\SystemRestore /v SystemRestorePointCreationFrequency /t REG_DWORD /d 0 /f
2026-05-19 22:57:34 [DEBUG] [CMD] OK (0.0s)
2026-05-19 22:57:34 [DEBUG] [CMD] stdout: The operation completed successfully.
2026-05-19 22:57:34 [DEBUG] [CMD] Futtatás: powershell -NoProfile -ExecutionPolicy Bypass -Command Checkpoint-Computer -Description "DriverVarázsló AutoFix - 2026-05-19 22:57" -RestorePointType "MODIFY_SETTINGS" -ErrorAction SilentlyContinue
2026-05-19 22:57:37 [WARNING] [API] cancel_task() — Felhasználó megszakítást kért!
2026-05-19 22:57:37 [DEBUG] [EMIT:toast] data={"message": "⚠️ Megszakítás kérve...", "type": "warning"}
2026-05-19 22:57:40 [DEBUG] [CMD] OK (6.0s)
2026-05-19 22:57:40 [INFO] [EMIT:task_progress] ✅ Registry mentés / Visszaállítási pont elkészült.
2026-05-19 22:57:40 [INFO] [EMIT:task_error] Felhasználó által megszakítva.
2026-05-19 22:57:40 [INFO] [THREAD:autofix] Befejezve (7.2s)
2026-05-19 22:58:05 [INFO] [API] check_wu_status()
2026-05-19 22:58:05 [DEBUG] [WU_STATUS] ExcludeWUDriversInQualityUpdate = 1
2026-05-19 22:58:05 [DEBUG] [WU_STATUS] SearchOrderConfig = 0
2026-05-19 22:58:05 [INFO] [WU_STATUS] Eredmény: Teljesen LETILTVA
2026-05-19 23:02:55 [INFO] ==================================================
2026-05-19 23:02:55 [INFO] DriverVarázsló ELINDITVA
2026-05-19 23:02:55 [INFO] Futtatasi konyvtar: C:\Users\ego\Desktop\New folder (3)\DriverDoktor\dist
2026-05-19 23:02:55 [INFO] ==================================================
2026-05-19 23:02:55 [INFO] [INIT] WebView2 Runtime OK: v148.0.3967.70
2026-05-19 23:02:55 [INFO] [INIT] DriverToolApi inicializálás...
2026-05-19 23:02:55 [INFO] [INIT] sys_drive=C:\
2026-05-19 23:02:55 [INFO] [INIT] DriverToolApi kész.
2026-05-19 23:02:55 [INFO] [MAIN] webview.start() hívása...
2026-05-19 23:02:56 [INFO] [WINDOW] WebView ablak beállítása...
2026-05-19 23:02:57 [INFO] [API] get_init_data() hívás - build=103, target=None
2026-05-19 23:02:57 [INFO] [WINDOW] WebView2 DOM kész (1 próba után, 0.1s)
2026-05-19 23:02:57 [INFO] [API] load_drivers(all_drivers=False)
2026-05-19 23:02:57 [DEBUG] [EMIT:drivers_loading] data=None
2026-05-19 23:02:57 [INFO] [DRIVERS] Third-party driverek lekérdezés
2026-05-19 23:02:57 [DEBUG] [DRIVERS] dism /English /Online /Get-Drivers futtatása...
2026-05-19 23:02:57 [DEBUG] [CMD] Futtatás: dism /English /Online /Get-Drivers
2026-05-19 23:02:57 [INFO] [WATCHDOG] WebView2 sikeresen elindult
2026-05-19 23:02:58 [DEBUG] [CMD] OK (1.0s)
2026-05-19 23:02:58 [DEBUG] [CMD] stdout: Deployment Image Servicing and Management tool
Version: 10.0.22621.1

Image Version: 10.0.22621.2134

Obtaining list of 3rd party drivers from the driver store...

Driver packages listing:

Published Name : oem0.inf
Original File Name : smbusamd.inf
Inbox : No
Class Name : System
Provider Name : Advanced Micro Devices, Inc
Date : 8/30/2017
Version : 5.12.0.38

Published Name : oem1.inf
Original File Name : amdgpio3.inf
Inbox : No
Class Name : System
Provider Name : Advanced Micro Devices, Inc.
Date : 8/29/2017
Version : 2.0.1.0

Published Name : oem10.inf
Original File Name : nvppc.inf
Inbox : No
Class Name : USB
Provider Name : NVIDIA
Date : 1/20/2026
Version : 1.52.831.832

Published Name : oem11.inf
Original File Name : amdgpio2.inf
Inbox : No
Class Name : System
Provider Name : Advanced Micro Devices, Inc
Date : 9/29/2019
Version : 2.2.0.121

Published Name : oem12.inf
Original File Name : rtkfilter.inf
Inbox : No
Class Name : Bluetooth
Provider Name : Realtek Semiconductor Corp.
Date : 9/29/2021
Version : 1.9.1038.3001

Published Name : oem2.inf
Original File Name : amdgpio3.inf
Inbox : No
Class Name : System
Provider Name : Advanced Micro Devices, Inc.
Date : 3/14/2016
Version : 2.0.1.0

Published Name : oem3.inf
Original File Name : smbusamd.inf
Inbox : No
Class Name : System
Provider Name : Advanced Micro Devices, Inc
Date : 1/18/2015
Version : 5.12.0.31

Published Name : oem4.inf
Original File Name : ksusbaud.inf
Inbox : No
Class Name : MEDIA
Provider Name : Creative Technology Ltd.
Date : 1/6/2021
Version : 1.16.4.26

Published Name : oem5.inf
Original File Name : amdpcidev.inf
Inbox : No
Class Name : System
Provider Name : Advanced Micro Devices
Date : 5/18/2021
Version : 1.0.0.83

Published Name : oem6.inf
Original File Name : amdpsp.inf
Inbox : No
Class Name : SecurityDevices
Provider Name : Advanced Micro Devices Inc.
Date : 6/11/2021
Version : 5.17.0.0

Published Name : oem7.inf
Original File Name : nv_dispig.inf
Inbox : No
Class Name : Display
Provider Name : NVIDIA
Date : 1/20/2026
Version : 32.0.15.9186

Published Name : oem8.inf
Original File Name : nvhda.inf
Inbox : No
Class Name : MEDIA
Provider Name : NVIDIA Corporation
Date : 1/20/2026
Version : 1.4.5.7

Published Name : oem9.inf
Original File Name : nvpcf.inf
Inbox : No
Class Name : SoftwareDevice
Provider Name : NVIDIA
Date : 1/20/2026
Version : 32.0.15.9071

The operation completed successfully.
2026-05-19 23:02:58 [INFO] [DRIVERS] Betöltve: 13 driver (1.0s)
2026-05-19 23:02:58 [DEBUG] [EMIT:drivers_loaded] data={"drivers": [{"published": "oem0.inf", "original": "smbusamd.inf", "class": "System", "provider": "Advanced Micro Devices, Inc"}, {"published": "oem1.inf", "original": "amdgpio3.inf", "class": "System
2026-05-19 23:03:16 [INFO] [API] check_wu_status()
2026-05-19 23:03:16 [DEBUG] [WU_STATUS] ExcludeWUDriversInQualityUpdate = 1
2026-05-19 23:03:16 [DEBUG] [WU_STATUS] SearchOrderConfig = 0
2026-05-19 23:03:16 [INFO] [WU_STATUS] Eredmény: Teljesen LETILTVA
2026-05-19 23:03:35 [INFO] [API] check_wu_status()
2026-05-19 23:03:35 [DEBUG] [WU_STATUS] ExcludeWUDriversInQualityUpdate = 1
2026-05-19 23:03:35 [DEBUG] [WU_STATUS] SearchOrderConfig = 0
2026-05-19 23:03:35 [INFO] [WU_STATUS] Eredmény: Teljesen LETILTVA
